This is pdfTeX, Version 3.14159265-2.6-1.40.20 (MiKTeX 2.9.7140 64-bit) (preloaded format=pdflatex 2019.9.9)  19 SEP 2019 21:07
entering extended mode
**./entropy_triangles_tfg.tex
(entropy_triangles_tfg.tex
LaTeX2e <2018-12-01>
("C:\Users\TRAMLG\AppData\Local\Programs\MiKTeX 2.9\tex/latex/base\report.cls"
Document Class: report 2018/09/03 v1.4i Standard LaTeX document class
("C:\Users\TRAMLG\AppData\Local\Programs\MiKTeX 2.9\tex/latex/base\size12.clo"
File: size12.clo 2018/09/03 v1.4i Standard LaTeX file (size option)
)
\c@part=\count80
\c@chapter=\count81
\c@section=\count82
\c@subsection=\count83
\c@subsubsection=\count84
\c@paragraph=\count85
\c@subparagraph=\count86
\c@figure=\count87
\c@table=\count88
\abovecaptionskip=\skip41
\belowcaptionskip=\skip42
\bibindent=\dimen102
)
("C:\Users\TRAMLG\AppData\Local\Programs\MiKTeX 2.9\tex/latex/geometry\geometry
.sty"
Package: geometry 2018/04/16 v5.8 Page Geometry

("C:\Users\TRAMLG\AppData\Local\Programs\MiKTeX 2.9\tex/latex/graphics\keyval.s
ty"
Package: keyval 2014/10/28 v1.15 key=value parser (DPC)
\KV@toks@=\toks14
)
("C:\Users\TRAMLG\AppData\Local\Programs\MiKTeX 2.9\tex/generic/oberdiek\ifpdf.
sty"
Package: ifpdf 2018/09/07 v3.3 Provides the ifpdf switch
)
("C:\Users\TRAMLG\AppData\Local\Programs\MiKTeX 2.9\tex/generic/oberdiek\ifvtex
.sty"
Package: ifvtex 2016/05/16 v1.6 Detect VTeX and its facilities (HO)
Package ifvtex Info: VTeX not detected.
)
("C:\Users\TRAMLG\AppData\Local\Programs\MiKTeX 2.9\tex/generic/ifxetex\ifxetex
.sty"
Package: ifxetex 2010/09/12 v0.6 Provides ifxetex conditional
)
\Gm@cnth=\count89
\Gm@cntv=\count90
\c@Gm@tempcnt=\count91
\Gm@bindingoffset=\dimen103
\Gm@wd@mp=\dimen104
\Gm@odd@mp=\dimen105
\Gm@even@mp=\dimen106
\Gm@layoutwidth=\dimen107
\Gm@layoutheight=\dimen108
\Gm@layouthoffset=\dimen109
\Gm@layoutvoffset=\dimen110
\Gm@dimlist=\toks15

("C:\Users\TRAMLG\AppData\Local\Programs\MiKTeX 2.9\tex/latex/geometry\geometry
.cfg"))
("C:\Users\TRAMLG\AppData\Local\Programs\MiKTeX 2.9\tex/latex/xcolor\xcolor.sty
"
Package: xcolor 2016/05/11 v2.12 LaTeX color extensions (UK)

("C:\Users\TRAMLG\AppData\Local\Programs\MiKTeX 2.9\tex/latex/graphics-cfg\colo
r.cfg"
File: color.cfg 2016/01/02 v1.6 sample color configuration
)
Package xcolor Info: Driver file: pdftex.def on input line 225.

("C:\Users\TRAMLG\AppData\Local\Programs\MiKTeX 2.9\tex/latex/graphics-def\pdft
ex.def"
File: pdftex.def 2018/01/08 v1.0l Graphics/color driver for pdftex
)
("C:\Users\TRAMLG\AppData\Local\Programs\MiKTeX 2.9\tex/latex/colortbl\colortbl
.sty"
Package: colortbl 2018/12/12 v1.0d Color table columns (DPC)

("C:\Users\TRAMLG\AppData\Local\Programs\MiKTeX 2.9\tex/latex/tools\array.sty"
Package: array 2018/12/30 v2.4k Tabular extension package (FMi)
\col@sep=\dimen111
\ar@mcellbox=\box27
\extrarowheight=\dimen112
\NC@list=\toks16
\extratabsurround=\skip43
\backup@length=\skip44
\ar@cellbox=\box28
)
\everycr=\toks17
\minrowclearance=\skip45
)
\rownum=\count92
Package xcolor Info: Model `cmy' substituted by `cmy0' on input line 1348.
Package xcolor Info: Model `hsb' substituted by `rgb' on input line 1352.
Package xcolor Info: Model `RGB' extended on input line 1364.
Package xcolor Info: Model `HTML' substituted by `rgb' on input line 1366.
Package xcolor Info: Model `Hsb' substituted by `hsb' on input line 1367.
Package xcolor Info: Model `tHsb' substituted by `hsb' on input line 1368.
Package xcolor Info: Model `HSB' substituted by `hsb' on input line 1369.
Package xcolor Info: Model `Gray' substituted by `gray' on input line 1370.
Package xcolor Info: Model `wave' substituted by `hsb' on input line 1371.
)
("C:\Users\TRAMLG\AppData\Local\Programs\MiKTeX 2.9\tex/latex/amsfonts\amssymb.
sty"
Package: amssymb 2013/01/14 v3.01 AMS font symbols

("C:\Users\TRAMLG\AppData\Local\Programs\MiKTeX 2.9\tex/latex/amsfonts\amsfonts
.sty"
Package: amsfonts 2013/01/14 v3.01 Basic AMSFonts support
\@emptytoks=\toks18
\symAMSa=\mathgroup4
\symAMSb=\mathgroup5
LaTeX Font Info:    Overwriting math alphabet `\mathfrak' in version `bold'
(Font)                  U/euf/m/n --> U/euf/b/n on input line 106.
))
("C:\Users\TRAMLG\AppData\Local\Programs\MiKTeX 2.9\tex/latex/pdfx\pdfx.sty"
Package: pdfx 2019/02/27 v1.6.3 PDF/X and PDF/A support (CVR/HTH/RRM/PS)
\pdfx@minorversion=\count93

("C:\Users\TRAMLG\AppData\Local\Programs\MiKTeX 2.9\tex/latex/iftex\iftex.sty"
Package: iftex 2013/04/04 v0.2 Provides if(tex) conditional for PDFTeX, XeTeX, 
and LuaTeX
) ("C:\Users\TRAMLG\AppData\Local\Programs\MiKTeX 2.9\tex/latex/ms\everyshi.sty
"
Package: everyshi 2001/05/15 v3.00 EveryShipout Package (MS)
)
("C:\Users\TRAMLG\AppData\Local\Programs\MiKTeX 2.9\tex/generic/oberdiek\ifluat
ex.sty"
Package: ifluatex 2016/05/16 v1.4 Provides the ifluatex switch (HO)
Package ifluatex Info: LuaTeX not detected.
){C:/Users/TRAMLG/AppData/Local/MiKTeX/2.9/pdftex/config/pdftex.map}
("C:\Users\TRAMLG\AppData\Local\Programs\MiKTeX 2.9\tex/latex/base\inputenc.sty
"
Package: inputenc 2018/08/11 v1.3c Input encoding file
\inpenc@prehook=\toks19
\inpenc@posthook=\toks20
)
("C:\Users\TRAMLG\AppData\Local\Programs\MiKTeX 2.9\tex/latex/pdfx\l8u-penc.def
"
File: l8u-penc.def 2017/06/23 v0.8 Custom LaTeX file, for UTF8 encoded letters 
and symbols
LaTeX Info: Composite with undeclared \b in encoding L8U on input line 278.
)
\pdfxsafeforxmp@toks=\toks21
\pdfx@tmptoks=\toks22

("C:\Users\TRAMLG\AppData\Local\Programs\MiKTeX 2.9\tex/latex/hyperref\hyperref
.sty"
Package: hyperref 2019/06/12 v6.88h Hypertext links for LaTeX

("C:\Users\TRAMLG\AppData\Local\Programs\MiKTeX 2.9\tex/generic/oberdiek\hobsub
-hyperref.sty"
Package: hobsub-hyperref 2016/05/16 v1.14 Bundle oberdiek, subset hyperref (HO)


("C:\Users\TRAMLG\AppData\Local\Programs\MiKTeX 2.9\tex/generic/oberdiek\hobsub
-generic.sty"
Package: hobsub-generic 2016/05/16 v1.14 Bundle oberdiek, subset generic (HO)
Package: hobsub 2016/05/16 v1.14 Construct package bundles (HO)
Package: infwarerr 2016/05/16 v1.4 Providing info/warning/error messages (HO)
Package: ltxcmds 2016/05/16 v1.23 LaTeX kernel commands for general use (HO)
Package hobsub Info: Skipping package `ifluatex' (already loaded).
Package hobsub Info: Skipping package `ifvtex' (already loaded).
Package: intcalc 2016/05/16 v1.2 Expandable calculations with integers (HO)
Package hobsub Info: Skipping package `ifpdf' (already loaded).
Package: etexcmds 2016/05/16 v1.6 Avoid name clashes with e-TeX commands (HO)
Package: kvsetkeys 2016/05/16 v1.17 Key value parser (HO)
Package: kvdefinekeys 2016/05/16 v1.4 Define keys (HO)
Package: pdftexcmds 2019/07/25 v0.30 Utility functions of pdfTeX for LuaTeX (HO
)
Package pdftexcmds Info: LuaTeX not detected.
Package pdftexcmds Info: \pdf@primitive is available.
Package pdftexcmds Info: \pdf@ifprimitive is available.
Package pdftexcmds Info: \pdfdraftmode found.
Package: pdfescape 2016/05/16 v1.14 Implements pdfTeX's escape features (HO)
Package: bigintcalc 2016/05/16 v1.4 Expandable calculations on big integers (HO
)
Package: bitset 2016/05/16 v1.2 Handle bit-vector datatype (HO)
Package: uniquecounter 2016/05/16 v1.3 Provide unlimited unique counter (HO)
)
Package hobsub Info: Skipping package `hobsub' (already loaded).
Package: letltxmacro 2016/05/16 v1.5 Let assignment for LaTeX macros (HO)
Package: hopatch 2016/05/16 v1.3 Wrapper for package hooks (HO)
Package: xcolor-patch 2016/05/16 xcolor patch
Package: atveryend 2016/05/16 v1.9 Hooks at the very end of document (HO)
Package atveryend Info: \enddocument detected (standard20110627).
Package: atbegshi 2016/06/09 v1.18 At begin shipout hook (HO)
Package: refcount 2016/05/16 v3.5 Data extraction from label references (HO)
Package: hycolor 2016/05/16 v1.8 Color options for hyperref/bookmark (HO)
)
("C:\Users\TRAMLG\AppData\Local\Programs\MiKTeX 2.9\tex/latex/oberdiek\auxhook.
sty"
Package: auxhook 2016/05/16 v1.4 Hooks for auxiliary files (HO)
)
("C:\Users\TRAMLG\AppData\Local\Programs\MiKTeX 2.9\tex/latex/oberdiek\kvoption
s.sty"
Package: kvoptions 2016/05/16 v3.12 Key value format for package options (HO)
)
\@linkdim=\dimen113
\Hy@linkcounter=\count94
\Hy@pagecounter=\count95

("C:\Users\TRAMLG\AppData\Local\Programs\MiKTeX 2.9\tex/latex/hyperref\pd1enc.d
ef"
File: pd1enc.def 2019/06/12 v6.88h Hyperref: PDFDocEncoding definition (HO)
)
\Hy@SavedSpaceFactor=\count96

("C:\Users\TRAMLG\AppData\Local\Programs\MiKTeX 2.9\tex/latex/00miktex\hyperref
.cfg"
File: hyperref.cfg 2002/06/06 v1.2 hyperref configuration of TeXLive
)
Package hyperref Info: Option `pdfa' set `true' on input line 4424.
Package hyperref Info: Hyper figures OFF on input line 4550.
Package hyperref Info: Link nesting OFF on input line 4555.
Package hyperref Info: Hyper index ON on input line 4558.
Package hyperref Info: Plain pages OFF on input line 4565.
Package hyperref Info: Backreferencing OFF on input line 4570.
Package hyperref Info: Implicit mode ON; LaTeX internals redefined.
Package hyperref Info: Bookmarks ON on input line 4803.
\c@Hy@tempcnt=\count97
 ("C:\Users\TRAMLG\AppData\Local\Programs\MiKTeX 2.9\tex/latex/url\url.sty"
\Urlmuskip=\muskip10
Package: url 2013/09/16  ver 3.4  Verb mode for urls, etc.
)
LaTeX Info: Redefining \url on input line 5156.
\XeTeXLinkMargin=\dimen114
\Fld@menulength=\count98
\Field@Width=\dimen115
\Fld@charsize=\dimen116
Package hyperref Info: Hyper figures OFF on input line 6411.
Package hyperref Info: Link nesting OFF on input line 6416.
Package hyperref Info: Hyper index ON on input line 6419.
Package hyperref Info: backreferencing OFF on input line 6426.
Package hyperref Info: Link coloring OFF on input line 6431.
Package hyperref Info: Link coloring with OCG OFF on input line 6436.
Package hyperref Info: PDF/A mode ON on input line 6439.
LaTeX Info: Redefining \ref on input line 6481.
LaTeX Info: Redefining \pageref on input line 6485.
\Hy@abspage=\count99
\c@Item=\count100
\c@Hfootnote=\count101
)
Package hyperref Info: Driver: hpdftex.

("C:\Users\TRAMLG\AppData\Local\Programs\MiKTeX 2.9\tex/latex/hyperref\hpdftex.
def"
File: hpdftex.def 2019/06/12 v6.88h Hyperref driver for pdfTeX
\Fld@listcount=\count102
\c@bookmark@seq@number=\count103

("C:\Users\TRAMLG\AppData\Local\Programs\MiKTeX 2.9\tex/latex/oberdiek\rerunfil
echeck.sty"
Package: rerunfilecheck 2016/05/16 v1.8 Rerun checks for auxiliary files (HO)
Package uniquecounter Info: New unique counter `rerunfilecheck' on input line 2
82.
)
\Hy@SectionHShift=\skip46
)
Package hyperref Info: Option `unicode' set `true' on input line 1463.

("C:\Users\TRAMLG\AppData\Local\Programs\MiKTeX 2.9\tex/latex/hyperref\puenc.de
f"
File: puenc.def 2019/06/12 v6.88h Hyperref: PDF Unicode definition (HO)
)
("C:\Users\TRAMLG\AppData\Local\Programs\MiKTeX 2.9\tex/generic/oberdiek\string
enc.sty"
Package: stringenc 2016/05/16 v1.11 Convert strings between diff. encodings (HO
)
)
Package hyperref Info: Option `psdextra' set `true' on input line 1465.

("C:\Users\TRAMLG\AppData\Local\Programs\MiKTeX 2.9\tex/latex/hyperref\psdextra
.def"
File: psdextra.def 2019/06/12 v6.88h Hyperref: Additions to PDF string support
)
("C:\Users\TRAMLG\AppData\Local\Programs\MiKTeX 2.9\tex/generic/colorprofiles\c
olorprofiles.sty"
Package: colorprofiles 2018/11/01 v1.0.1 color profiles for PDF/X and PDF/A sup
port

("C:\Users\TRAMLG\AppData\Local\Programs\MiKTeX 2.9\tex/generic/colorprofiles\c
olorprofiles.tex"))
("C:\Users\TRAMLG\AppData\Local\Programs\MiKTeX 2.9\tex/generic/oberdiek\se-pdf
doc.def"
File: se-pdfdoc.def 2016/05/16 v1.11 stringenc: PDFDocEncoding
)
("C:\Users\TRAMLG\AppData\Local\Programs\MiKTeX 2.9\tex/latex/pdfx\AdobeColorPr
ofiles.tex")
("C:\Users\TRAMLG\AppData\Local\Programs\MiKTeX 2.9\tex/latex/pdfx\8bit.def"
File: 8bit.def 2008/03/30 v1.1d Input encoding file
)
** pdfx: No file entropy_triangles_tfg.xmpdata . Metadata will be incomplete!
<<sRGB.icc>>
("C:\Users\TRAMLG\AppData\Local\Programs\MiKTeX 2.9\tex/latex/pdfx\8bit.def"
File: 8bit.def 2008/03/30 v1.1d Input encoding file
)
Package hyperref Info: Option `unicode' set `true' on input line 2411.
Package hyperref Info: Option `unicode' set `true' on input line 2412.

("C:\Users\TRAMLG\AppData\Local\Programs\MiKTeX 2.9\tex/generic/pdftex\glyphtou
nicode.tex")
("C:\Users\TRAMLG\AppData\Local\Programs\MiKTeX 2.9\tex/latex/pdfx\glyphtounico
de-cmr.tex")
("C:\Users\TRAMLG\AppData\Local\Programs\MiKTeX 2.9\tex/latex/pdfx\glyphtounico
de-ntx.tex")
("C:\Users\TRAMLG\AppData\Local\Programs\MiKTeX 2.9\tex/latex/base\ifthen.sty"
Package: ifthen 2014/09/29 v1.1c Standard LaTeX ifthen package (DPC)
)
("C:\Users\TRAMLG\AppData\Local\Programs\MiKTeX 2.9\tex/latex/xmpincl\xmpincl.s
ty"
Package: xmpincl 2008/05/10 v2.2 Include XMP data in pdflatex
) ("C:\Users\TRAMLG\AppData\Local\Programs\MiKTeX 2.9\tex/latex/pdfx\8bit.def"
File: 8bit.def 2008/03/30 v1.1d Input encoding file
)
Using XMP template file: pdfa.xmp
\xmpinclWrite=\write3
\xmpinclRead=\read1
\openout3 = `pdfa.xmpi'.

<<pdfa.xmpi>>)
Package hyperref Info: Option `colorlinks' set `true' on input line 29.

("C:\Users\TRAMLG\AppData\Local\Programs\MiKTeX 2.9\tex/latex/amsmath\amsmath.s
ty"
Package: amsmath 2018/12/01 v2.17b AMS math features
\@mathmargin=\skip47

For additional information on amsmath, use the `?' option.

("C:\Users\TRAMLG\AppData\Local\Programs\MiKTeX 2.9\tex/latex/amsmath\amstext.s
ty"
Package: amstext 2000/06/29 v2.01 AMS text

("C:\Users\TRAMLG\AppData\Local\Programs\MiKTeX 2.9\tex/latex/amsmath\amsgen.st
y"
File: amsgen.sty 1999/11/30 v2.0 generic functions
\@emptytoks=\toks23
\ex@=\dimen117
))
("C:\Users\TRAMLG\AppData\Local\Programs\MiKTeX 2.9\tex/latex/amsmath\amsbsy.st
y"
Package: amsbsy 1999/11/29 v1.2d Bold Symbols
\pmbraise@=\dimen118
)
("C:\Users\TRAMLG\AppData\Local\Programs\MiKTeX 2.9\tex/latex/amsmath\amsopn.st
y"
Package: amsopn 2016/03/08 v2.02 operator names
)
\inf@bad=\count104
LaTeX Info: Redefining \frac on input line 223.
\uproot@=\count105
\leftroot@=\count106
LaTeX Info: Redefining \overline on input line 385.
\classnum@=\count107
\DOTSCASE@=\count108
LaTeX Info: Redefining \ldots on input line 482.
LaTeX Info: Redefining \dots on input line 485.
LaTeX Info: Redefining \cdots on input line 606.
\Mathstrutbox@=\box29
\strutbox@=\box30
\big@size=\dimen119
LaTeX Font Info:    Redeclaring font encoding OML on input line 729.
LaTeX Font Info:    Redeclaring font encoding OMS on input line 730.
\macc@depth=\count109
\c@MaxMatrixCols=\count110
\dotsspace@=\muskip11
\c@parentequation=\count111
\dspbrk@lvl=\count112
\tag@help=\toks24
\row@=\count113
\column@=\count114
\maxfields@=\count115
\andhelp@=\toks25
\eqnshift@=\dimen120
\alignsep@=\dimen121
\tagshift@=\dimen122
\tagwidth@=\dimen123
\totwidth@=\dimen124
\lineht@=\dimen125
\@envbody=\toks26
\multlinegap=\skip48
\multlinetaggap=\skip49
\mathdisplay@stack=\toks27
LaTeX Info: Redefining \[ on input line 2844.
LaTeX Info: Redefining \] on input line 2845.
)
("C:\Users\TRAMLG\AppData\Local\Programs\MiKTeX 2.9\tex/latex/amscls\amsthm.sty
"
Package: amsthm 2017/10/31 v2.20.4
\thm@style=\toks28
\thm@bodyfont=\toks29
\thm@headfont=\toks30
\thm@notefont=\toks31
\thm@headpunct=\toks32
\thm@preskip=\skip50
\thm@postskip=\skip51
\thm@headsep=\skip52
\dth@everypar=\toks33
)
("C:\Users\TRAMLG\AppData\Local\Programs\MiKTeX 2.9\tex/latex/txfonts\txfonts.s
ty"
Package: txfonts 2008/01/22 v3.2.1
LaTeX Font Info:    Redeclaring symbol font `operators' on input line 21.
LaTeX Font Info:    Overwriting symbol font `operators' in version `normal'
(Font)                  OT1/cmr/m/n --> OT1/txr/m/n on input line 21.
LaTeX Font Info:    Overwriting symbol font `operators' in version `bold'
(Font)                  OT1/cmr/bx/n --> OT1/txr/m/n on input line 21.
LaTeX Font Info:    Overwriting symbol font `operators' in version `bold'
(Font)                  OT1/txr/m/n --> OT1/txr/bx/n on input line 22.
\symitalic=\mathgroup6
LaTeX Font Info:    Overwriting symbol font `italic' in version `bold'
(Font)                  OT1/txr/m/it --> OT1/txr/bx/it on input line 26.
LaTeX Font Info:    Redeclaring math alphabet \mathbf on input line 29.
LaTeX Font Info:    Overwriting math alphabet `\mathbf' in version `normal'
(Font)                  OT1/cmr/bx/n --> OT1/txr/bx/n on input line 29.
LaTeX Font Info:    Overwriting math alphabet `\mathbf' in version `bold'
(Font)                  OT1/cmr/bx/n --> OT1/txr/bx/n on input line 29.
LaTeX Font Info:    Redeclaring math alphabet \mathit on input line 30.
LaTeX Font Info:    Overwriting math alphabet `\mathit' in version `normal'
(Font)                  OT1/cmr/m/it --> OT1/txr/m/it on input line 30.
LaTeX Font Info:    Overwriting math alphabet `\mathit' in version `bold'
(Font)                  OT1/cmr/bx/it --> OT1/txr/m/it on input line 30.
LaTeX Font Info:    Overwriting math alphabet `\mathit' in version `bold'
(Font)                  OT1/txr/m/it --> OT1/txr/bx/it on input line 31.
LaTeX Font Info:    Redeclaring math alphabet \mathsf on input line 40.
LaTeX Font Info:    Overwriting math alphabet `\mathsf' in version `normal'
(Font)                  OT1/cmss/m/n --> OT1/txss/m/n on input line 40.
LaTeX Font Info:    Overwriting math alphabet `\mathsf' in version `bold'
(Font)                  OT1/cmss/bx/n --> OT1/txss/m/n on input line 40.
LaTeX Font Info:    Overwriting math alphabet `\mathsf' in version `bold'
(Font)                  OT1/txss/m/n --> OT1/txss/b/n on input line 41.
LaTeX Font Info:    Redeclaring math alphabet \mathtt on input line 50.
LaTeX Font Info:    Overwriting math alphabet `\mathtt' in version `normal'
(Font)                  OT1/cmtt/m/n --> OT1/txtt/m/n on input line 50.
LaTeX Font Info:    Overwriting math alphabet `\mathtt' in version `bold'
(Font)                  OT1/cmtt/m/n --> OT1/txtt/m/n on input line 50.
LaTeX Font Info:    Overwriting math alphabet `\mathtt' in version `bold'
(Font)                  OT1/txtt/m/n --> OT1/txtt/b/n on input line 51.
LaTeX Font Info:    Redeclaring symbol font `letters' on input line 58.
LaTeX Font Info:    Overwriting symbol font `letters' in version `normal'
(Font)                  OML/cmm/m/it --> OML/txmi/m/it on input line 58.
LaTeX Font Info:    Overwriting symbol font `letters' in version `bold'
(Font)                  OML/cmm/b/it --> OML/txmi/m/it on input line 58.
LaTeX Font Info:    Overwriting symbol font `letters' in version `bold'
(Font)                  OML/txmi/m/it --> OML/txmi/bx/it on input line 59.
\symlettersA=\mathgroup7
LaTeX Font Info:    Overwriting symbol font `lettersA' in version `bold'
(Font)                  U/txmia/m/it --> U/txmia/bx/it on input line 67.
LaTeX Font Info:    Redeclaring math alphabet \mathfrak on input line 70.
LaTeX Font Info:    Redeclaring symbol font `symbols' on input line 77.
LaTeX Font Info:    Overwriting symbol font `symbols' in version `normal'
(Font)                  OMS/cmsy/m/n --> OMS/txsy/m/n on input line 77.
LaTeX Font Info:    Overwriting symbol font `symbols' in version `bold'
(Font)                  OMS/cmsy/b/n --> OMS/txsy/m/n on input line 77.
LaTeX Font Info:    Overwriting symbol font `symbols' in version `bold'
(Font)                  OMS/txsy/m/n --> OMS/txsy/bx/n on input line 78.
LaTeX Font Info:    Redeclaring symbol font `AMSa' on input line 93.
LaTeX Font Info:    Overwriting symbol font `AMSa' in version `normal'
(Font)                  U/msa/m/n --> U/txsya/m/n on input line 93.
LaTeX Font Info:    Overwriting symbol font `AMSa' in version `bold'
(Font)                  U/msa/m/n --> U/txsya/m/n on input line 93.
LaTeX Font Info:    Overwriting symbol font `AMSa' in version `bold'
(Font)                  U/txsya/m/n --> U/txsya/bx/n on input line 94.
LaTeX Font Info:    Redeclaring symbol font `AMSb' on input line 102.
LaTeX Font Info:    Overwriting symbol font `AMSb' in version `normal'
(Font)                  U/msb/m/n --> U/txsyb/m/n on input line 102.
LaTeX Font Info:    Overwriting symbol font `AMSb' in version `bold'
(Font)                  U/msb/m/n --> U/txsyb/m/n on input line 102.
LaTeX Font Info:    Overwriting symbol font `AMSb' in version `bold'
(Font)                  U/txsyb/m/n --> U/txsyb/bx/n on input line 103.
\symsymbolsC=\mathgroup8
LaTeX Font Info:    Overwriting symbol font `symbolsC' in version `bold'
(Font)                  U/txsyc/m/n --> U/txsyc/bx/n on input line 113.
LaTeX Font Info:    Redeclaring symbol font `largesymbols' on input line 120.
LaTeX Font Info:    Overwriting symbol font `largesymbols' in version `normal'
(Font)                  OMX/cmex/m/n --> OMX/txex/m/n on input line 120.
LaTeX Font Info:    Overwriting symbol font `largesymbols' in version `bold'
(Font)                  OMX/cmex/m/n --> OMX/txex/m/n on input line 120.
LaTeX Font Info:    Overwriting symbol font `largesymbols' in version `bold'
(Font)                  OMX/txex/m/n --> OMX/txex/bx/n on input line 121.
\symlargesymbolsA=\mathgroup9
LaTeX Font Info:    Overwriting symbol font `largesymbolsA' in version `bold'
(Font)                  U/txexa/m/n --> U/txexa/bx/n on input line 129.
LaTeX Info: Redefining \not on input line 1043.
LaTeX Info: Redefining \textsquare on input line 1063.
LaTeX Info: Redefining \openbox on input line 1064.
)
("C:\Users\TRAMLG\AppData\Local\Programs\MiKTeX 2.9\tex/latex/base\fontenc.sty"
Package: fontenc 2018/08/11 v2.0j Standard LaTeX package
("C:\Users\TRAMLG\AppData\Local\Programs\MiKTeX 2.9\tex/latex/base\t1enc.def"
File: t1enc.def 2018/08/11 v2.0j Standard LaTeX file
LaTeX Font Info:    Redeclaring font encoding T1 on input line 48.
)) ("C:\Users\TRAMLG\AppData\Local\Programs\MiKTeX 2.9\tex/latex/base\inputenc.
sty"
Package: inputenc 2018/08/11 v1.3c Input encoding file
)
("C:\Users\TRAMLG\AppData\Local\Programs\MiKTeX 2.9\tex/generic/babel\babel.sty
"
Package: babel 2019/07/19 3.33 The Babel package

("C:\Users\TRAMLG\AppData\Local\Programs\MiKTeX 2.9\tex/generic/babel\switch.de
f"
File: switch.def 2019/07/19 3.33 Babel switching mechanism
)
*************************************
* Local config file bblopts.cfg used
*
("C:\Users\TRAMLG\AppData\Local\Programs\MiKTeX 2.9\tex/latex/arabi\bblopts.cfg
"
File: bblopts.cfg 2005/09/08 v0.1 add Arabic and Farsi to "declared" options of
 babel
)
("C:\Users\TRAMLG\AppData\Local\Programs\MiKTeX 2.9\tex/latex/babel-english\eng
lish.ldf"
Language: english 2017/06/06 v3.3r English support from the babel system

("C:\Users\TRAMLG\AppData\Local\Programs\MiKTeX 2.9\tex/generic/babel\babel.def
"
File: babel.def 2019/07/19 3.33 Babel common definitions
\babel@savecnt=\count116
\U@D=\dimen126

("C:\Users\TRAMLG\AppData\Local\Programs\MiKTeX 2.9\tex/generic/babel\txtbabel.
def")
\bbl@dirlevel=\count117
)
\l@canadian = a dialect from \language\l@american 
\l@australian = a dialect from \language\l@british 
\l@newzealand = a dialect from \language\l@british 
))
("C:\Users\TRAMLG\AppData\Local\Programs\MiKTeX 2.9\tex/latex/csquotes\csquotes
.sty"
Package: csquotes 2019/05/10 v5.2e context-sensitive quotations (JAW)

("C:\Users\TRAMLG\AppData\Local\Programs\MiKTeX 2.9\tex/latex/etoolbox\etoolbox
.sty"
Package: etoolbox 2018/08/19 v2.5f e-TeX tools for LaTeX (JAW)
\etb@tempcnta=\count118
)
\csq@reset=\count119
\csq@gtype=\count120
\csq@glevel=\count121
\csq@qlevel=\count122
\csq@maxlvl=\count123
\csq@tshold=\count124
\csq@ltx@everypar=\toks34

("C:\Users\TRAMLG\AppData\Local\Programs\MiKTeX 2.9\tex/latex/csquotes\csquotes
.def"
File: csquotes.def 2019/05/10 v5.2e csquotes generic definitions (JAW)
)
Package csquotes Info: Trying to load configuration file 'csquotes.cfg'...
Package csquotes Info: ... configuration file loaded successfully.

("C:\Users\TRAMLG\AppData\Local\Programs\MiKTeX 2.9\tex/latex/csquotes\csquotes
.cfg"
File: csquotes.cfg 
)
Package csquotes Info: Option 'babel' depreciated.
(csquotes)             Using 'autostyle'.
Package csquotes Info: Enabling multilingual quotes.
Package csquotes Info: Redefining alias 'english' -> 'english/american'.
) (prelude_fva.tex
("C:\Users\TRAMLG\AppData\Local\Programs\MiKTeX 2.9\tex/latex/xargs\xargs.sty"
Package: xargs 2008/03/22 v1.1  extended macro definitions  (mpg)

("C:\Users\TRAMLG\AppData\Local\Programs\MiKTeX 2.9\tex/latex/xkeyval\xkeyval.s
ty"
Package: xkeyval 2014/12/03 v2.7a package option processing (HA)

("C:\Users\TRAMLG\AppData\Local\Programs\MiKTeX 2.9\tex/generic/xkeyval\xkeyval
.tex"
("C:\Users\TRAMLG\AppData\Local\Programs\MiKTeX 2.9\tex/generic/xkeyval\xkvutil
s.tex"
\XKV@toks=\toks35
\XKV@tempa@toks=\toks36
)
\XKV@depth=\count125
File: xkeyval.tex 2014/12/03 v2.7a key=value parser (HA)
))
\xargs@max=\count126
\xargs@toksa=\toks37
\xargs@toksb=\toks38
)
("C:\Users\TRAMLG\AppData\Local\Programs\MiKTeX 2.9\tex/latex/todonotes\todonot
es.sty"
Package: todonotes 2019/01/24 v1.1.2 Todonotes source and documentation.
Package: todonotes 2018/11/22

("C:\Users\TRAMLG\AppData\Local\Programs\MiKTeX 2.9\tex/latex/pgf/frontendlayer
\tikz.sty"
("C:\Users\TRAMLG\AppData\Local\Programs\MiKTeX 2.9\tex/latex/pgf/basiclayer\pg
f.sty"
("C:\Users\TRAMLG\AppData\Local\Programs\MiKTeX 2.9\tex/latex/pgf/utilities\pgf
rcs.sty"
("C:\Users\TRAMLG\AppData\Local\Programs\MiKTeX 2.9\tex/generic/pgf/utilities\p
gfutil-common.tex"
\pgfutil@everybye=\toks39
\pgfutil@tempdima=\dimen127
\pgfutil@tempdimb=\dimen128

("C:\Users\TRAMLG\AppData\Local\Programs\MiKTeX 2.9\tex/generic/pgf/utilities\p
gfutil-common-lists.tex"))
("C:\Users\TRAMLG\AppData\Local\Programs\MiKTeX 2.9\tex/generic/pgf/utilities\p
gfutil-latex.def"
\pgfutil@abb=\box31
)
("C:\Users\TRAMLG\AppData\Local\Programs\MiKTeX 2.9\tex/generic/pgf/utilities\p
gfrcs.code.tex"
("C:\Users\TRAMLG\AppData\Local\Programs\MiKTeX 2.9\tex/generic/pgf\pgf.revisio
n.tex")
Package: pgfrcs 2019/08/03 v3.1.4b (3.1.4b)
))
Package: pgf 2019/08/03 v3.1.4b (3.1.4b)

("C:\Users\TRAMLG\AppData\Local\Programs\MiKTeX 2.9\tex/latex/pgf/basiclayer\pg
fcore.sty"
("C:\Users\TRAMLG\AppData\Local\Programs\MiKTeX 2.9\tex/latex/graphics\graphicx
.sty"
Package: graphicx 2017/06/01 v1.1a Enhanced LaTeX Graphics (DPC,SPQR)

("C:\Users\TRAMLG\AppData\Local\Programs\MiKTeX 2.9\tex/latex/graphics\graphics
.sty"
Package: graphics 2017/06/25 v1.2c Standard LaTeX Graphics (DPC,SPQR)

("C:\Users\TRAMLG\AppData\Local\Programs\MiKTeX 2.9\tex/latex/graphics\trig.sty
"
Package: trig 2016/01/03 v1.10 sin cos tan (DPC)
)
("C:\Users\TRAMLG\AppData\Local\Programs\MiKTeX 2.9\tex/latex/graphics-cfg\grap
hics.cfg"
File: graphics.cfg 2016/06/04 v1.11 sample graphics configuration
)
Package graphics Info: Driver file: pdftex.def on input line 99.
)
\Gin@req@height=\dimen129
\Gin@req@width=\dimen130
)
("C:\Users\TRAMLG\AppData\Local\Programs\MiKTeX 2.9\tex/latex/pgf/systemlayer\p
gfsys.sty"
("C:\Users\TRAMLG\AppData\Local\Programs\MiKTeX 2.9\tex/generic/pgf/systemlayer
\pgfsys.code.tex"
Package: pgfsys 2019/08/03 v3.1.4b (3.1.4b)

("C:\Users\TRAMLG\AppData\Local\Programs\MiKTeX 2.9\tex/generic/pgf/utilities\p
gfkeys.code.tex"
\pgfkeys@pathtoks=\toks40
\pgfkeys@temptoks=\toks41

("C:\Users\TRAMLG\AppData\Local\Programs\MiKTeX 2.9\tex/generic/pgf/utilities\p
gfkeysfiltered.code.tex"
\pgfkeys@tmptoks=\toks42
))
\pgf@x=\dimen131
\pgf@y=\dimen132
\pgf@xa=\dimen133
\pgf@ya=\dimen134
\pgf@xb=\dimen135
\pgf@yb=\dimen136
\pgf@xc=\dimen137
\pgf@yc=\dimen138
\pgf@xd=\dimen139
\pgf@yd=\dimen140
\w@pgf@writea=\write4
\r@pgf@reada=\read2
\c@pgf@counta=\count127
\c@pgf@countb=\count128
\c@pgf@countc=\count129
\c@pgf@countd=\count130
\t@pgf@toka=\toks43
\t@pgf@tokb=\toks44
\t@pgf@tokc=\toks45
\pgf@sys@id@count=\count131

("C:\Users\TRAMLG\AppData\Local\Programs\MiKTeX 2.9\tex/generic/pgf/systemlayer
\pgf.cfg"
File: pgf.cfg 2019/08/03 v3.1.4b (3.1.4b)
)
Driver file for pgf: pgfsys-pdftex.def

("C:\Users\TRAMLG\AppData\Local\Programs\MiKTeX 2.9\tex/generic/pgf/systemlayer
\pgfsys-pdftex.def"
File: pgfsys-pdftex.def 2019/08/03 v3.1.4b (3.1.4b)

("C:\Users\TRAMLG\AppData\Local\Programs\MiKTeX 2.9\tex/generic/pgf/systemlayer
\pgfsys-common-pdf.def"
File: pgfsys-common-pdf.def 2019/08/03 v3.1.4b (3.1.4b)
)))
("C:\Users\TRAMLG\AppData\Local\Programs\MiKTeX 2.9\tex/generic/pgf/systemlayer
\pgfsyssoftpath.code.tex"
File: pgfsyssoftpath.code.tex 2019/08/03 v3.1.4b (3.1.4b)
\pgfsyssoftpath@smallbuffer@items=\count132
\pgfsyssoftpath@bigbuffer@items=\count133
)
("C:\Users\TRAMLG\AppData\Local\Programs\MiKTeX 2.9\tex/generic/pgf/systemlayer
\pgfsysprotocol.code.tex"
File: pgfsysprotocol.code.tex 2019/08/03 v3.1.4b (3.1.4b)
))
("C:\Users\TRAMLG\AppData\Local\Programs\MiKTeX 2.9\tex/generic/pgf/basiclayer\
pgfcore.code.tex"
Package: pgfcore 2019/08/03 v3.1.4b (3.1.4b)

("C:\Users\TRAMLG\AppData\Local\Programs\MiKTeX 2.9\tex/generic/pgf/math\pgfmat
h.code.tex"
("C:\Users\TRAMLG\AppData\Local\Programs\MiKTeX 2.9\tex/generic/pgf/math\pgfmat
hcalc.code.tex"
("C:\Users\TRAMLG\AppData\Local\Programs\MiKTeX 2.9\tex/generic/pgf/math\pgfmat
hutil.code.tex")
("C:\Users\TRAMLG\AppData\Local\Programs\MiKTeX 2.9\tex/generic/pgf/math\pgfmat
hparser.code.tex"
\pgfmath@dimen=\dimen141
\pgfmath@count=\count134
\pgfmath@box=\box32
\pgfmath@toks=\toks46
\pgfmath@stack@operand=\toks47
\pgfmath@stack@operation=\toks48
)
("C:\Users\TRAMLG\AppData\Local\Programs\MiKTeX 2.9\tex/generic/pgf/math\pgfmat
hfunctions.code.tex"
("C:\Users\TRAMLG\AppData\Local\Programs\MiKTeX 2.9\tex/generic/pgf/math\pgfmat
hfunctions.basic.code.tex")
("C:\Users\TRAMLG\AppData\Local\Programs\MiKTeX 2.9\tex/generic/pgf/math\pgfmat
hfunctions.trigonometric.code.tex")
("C:\Users\TRAMLG\AppData\Local\Programs\MiKTeX 2.9\tex/generic/pgf/math\pgfmat
hfunctions.random.code.tex")
("C:\Users\TRAMLG\AppData\Local\Programs\MiKTeX 2.9\tex/generic/pgf/math\pgfmat
hfunctions.comparison.code.tex")
("C:\Users\TRAMLG\AppData\Local\Programs\MiKTeX 2.9\tex/generic/pgf/math\pgfmat
hfunctions.base.code.tex")
("C:\Users\TRAMLG\AppData\Local\Programs\MiKTeX 2.9\tex/generic/pgf/math\pgfmat
hfunctions.round.code.tex")
("C:\Users\TRAMLG\AppData\Local\Programs\MiKTeX 2.9\tex/generic/pgf/math\pgfmat
hfunctions.misc.code.tex")
("C:\Users\TRAMLG\AppData\Local\Programs\MiKTeX 2.9\tex/generic/pgf/math\pgfmat
hfunctions.integerarithmetics.code.tex")))
("C:\Users\TRAMLG\AppData\Local\Programs\MiKTeX 2.9\tex/generic/pgf/math\pgfmat
hfloat.code.tex"
\c@pgfmathroundto@lastzeros=\count135
))
("C:\Users\TRAMLG\AppData\Local\Programs\MiKTeX 2.9\tex/generic/pgf/math\pgfint
.code.tex")
("C:\Users\TRAMLG\AppData\Local\Programs\MiKTeX 2.9\tex/generic/pgf/basiclayer\
pgfcorepoints.code.tex"
File: pgfcorepoints.code.tex 2019/08/03 v3.1.4b (3.1.4b)
\pgf@picminx=\dimen142
\pgf@picmaxx=\dimen143
\pgf@picminy=\dimen144
\pgf@picmaxy=\dimen145
\pgf@pathminx=\dimen146
\pgf@pathmaxx=\dimen147
\pgf@pathminy=\dimen148
\pgf@pathmaxy=\dimen149
\pgf@xx=\dimen150
\pgf@xy=\dimen151
\pgf@yx=\dimen152
\pgf@yy=\dimen153
\pgf@zx=\dimen154
\pgf@zy=\dimen155
)
("C:\Users\TRAMLG\AppData\Local\Programs\MiKTeX 2.9\tex/generic/pgf/basiclayer\
pgfcorepathconstruct.code.tex"
File: pgfcorepathconstruct.code.tex 2019/08/03 v3.1.4b (3.1.4b)
\pgf@path@lastx=\dimen156
\pgf@path@lasty=\dimen157
)
("C:\Users\TRAMLG\AppData\Local\Programs\MiKTeX 2.9\tex/generic/pgf/basiclayer\
pgfcorepathusage.code.tex"
File: pgfcorepathusage.code.tex 2019/08/03 v3.1.4b (3.1.4b)
\pgf@shorten@end@additional=\dimen158
\pgf@shorten@start@additional=\dimen159
)
("C:\Users\TRAMLG\AppData\Local\Programs\MiKTeX 2.9\tex/generic/pgf/basiclayer\
pgfcorescopes.code.tex"
File: pgfcorescopes.code.tex 2019/08/03 v3.1.4b (3.1.4b)
\pgfpic=\box33
\pgf@hbox=\box34
\pgf@layerbox@main=\box35
\pgf@picture@serial@count=\count136
)
("C:\Users\TRAMLG\AppData\Local\Programs\MiKTeX 2.9\tex/generic/pgf/basiclayer\
pgfcoregraphicstate.code.tex"
File: pgfcoregraphicstate.code.tex 2019/08/03 v3.1.4b (3.1.4b)
\pgflinewidth=\dimen160
)
("C:\Users\TRAMLG\AppData\Local\Programs\MiKTeX 2.9\tex/generic/pgf/basiclayer\
pgfcoretransformations.code.tex"
File: pgfcoretransformations.code.tex 2019/08/03 v3.1.4b (3.1.4b)
\pgf@pt@x=\dimen161
\pgf@pt@y=\dimen162
\pgf@pt@temp=\dimen163
)
("C:\Users\TRAMLG\AppData\Local\Programs\MiKTeX 2.9\tex/generic/pgf/basiclayer\
pgfcorequick.code.tex"
File: pgfcorequick.code.tex 2019/08/03 v3.1.4b (3.1.4b)
)
("C:\Users\TRAMLG\AppData\Local\Programs\MiKTeX 2.9\tex/generic/pgf/basiclayer\
pgfcoreobjects.code.tex"
File: pgfcoreobjects.code.tex 2019/08/03 v3.1.4b (3.1.4b)
)
("C:\Users\TRAMLG\AppData\Local\Programs\MiKTeX 2.9\tex/generic/pgf/basiclayer\
pgfcorepathprocessing.code.tex"
File: pgfcorepathprocessing.code.tex 2019/08/03 v3.1.4b (3.1.4b)
)
("C:\Users\TRAMLG\AppData\Local\Programs\MiKTeX 2.9\tex/generic/pgf/basiclayer\
pgfcorearrows.code.tex"
File: pgfcorearrows.code.tex 2019/08/03 v3.1.4b (3.1.4b)
\pgfarrowsep=\dimen164
)
("C:\Users\TRAMLG\AppData\Local\Programs\MiKTeX 2.9\tex/generic/pgf/basiclayer\
pgfcoreshade.code.tex"
File: pgfcoreshade.code.tex 2019/08/03 v3.1.4b (3.1.4b)
\pgf@max=\dimen165
\pgf@sys@shading@range@num=\count137
\pgf@shadingcount=\count138
)
("C:\Users\TRAMLG\AppData\Local\Programs\MiKTeX 2.9\tex/generic/pgf/basiclayer\
pgfcoreimage.code.tex"
File: pgfcoreimage.code.tex 2019/08/03 v3.1.4b (3.1.4b)

("C:\Users\TRAMLG\AppData\Local\Programs\MiKTeX 2.9\tex/generic/pgf/basiclayer\
pgfcoreexternal.code.tex"
File: pgfcoreexternal.code.tex 2019/08/03 v3.1.4b (3.1.4b)
\pgfexternal@startupbox=\box36
))
("C:\Users\TRAMLG\AppData\Local\Programs\MiKTeX 2.9\tex/generic/pgf/basiclayer\
pgfcorelayers.code.tex"
File: pgfcorelayers.code.tex 2019/08/03 v3.1.4b (3.1.4b)
)
("C:\Users\TRAMLG\AppData\Local\Programs\MiKTeX 2.9\tex/generic/pgf/basiclayer\
pgfcoretransparency.code.tex"
File: pgfcoretransparency.code.tex 2019/08/03 v3.1.4b (3.1.4b)
)
("C:\Users\TRAMLG\AppData\Local\Programs\MiKTeX 2.9\tex/generic/pgf/basiclayer\
pgfcorepatterns.code.tex"
File: pgfcorepatterns.code.tex 2019/08/03 v3.1.4b (3.1.4b)
)
("C:\Users\TRAMLG\AppData\Local\Programs\MiKTeX 2.9\tex/generic/pgf/basiclayer\
pgfcorerdf.code.tex"
File: pgfcorerdf.code.tex 2019/08/03 v3.1.4b (3.1.4b)
)))
("C:\Users\TRAMLG\AppData\Local\Programs\MiKTeX 2.9\tex/generic/pgf/modules\pgf
moduleshapes.code.tex"
File: pgfmoduleshapes.code.tex 2019/08/03 v3.1.4b (3.1.4b)
\pgfnodeparttextbox=\box37
)
("C:\Users\TRAMLG\AppData\Local\Programs\MiKTeX 2.9\tex/generic/pgf/modules\pgf
moduleplot.code.tex"
File: pgfmoduleplot.code.tex 2019/08/03 v3.1.4b (3.1.4b)
)
("C:\Users\TRAMLG\AppData\Local\Programs\MiKTeX 2.9\tex/latex/pgf/compatibility
\pgfcomp-version-0-65.sty"
Package: pgfcomp-version-0-65 2019/08/03 v3.1.4b (3.1.4b)
\pgf@nodesepstart=\dimen166
\pgf@nodesepend=\dimen167
)
("C:\Users\TRAMLG\AppData\Local\Programs\MiKTeX 2.9\tex/latex/pgf/compatibility
\pgfcomp-version-1-18.sty"
Package: pgfcomp-version-1-18 2019/08/03 v3.1.4b (3.1.4b)
))
("C:\Users\TRAMLG\AppData\Local\Programs\MiKTeX 2.9\tex/latex/pgf/utilities\pgf
for.sty"
("C:\Users\TRAMLG\AppData\Local\Programs\MiKTeX 2.9\tex/latex/pgf/utilities\pgf
keys.sty"
("C:\Users\TRAMLG\AppData\Local\Programs\MiKTeX 2.9\tex/generic/pgf/utilities\p
gfkeys.code.tex"))
("C:\Users\TRAMLG\AppData\Local\Programs\MiKTeX 2.9\tex/latex/pgf/math\pgfmath.
sty"
("C:\Users\TRAMLG\AppData\Local\Programs\MiKTeX 2.9\tex/generic/pgf/math\pgfmat
h.code.tex"))
("C:\Users\TRAMLG\AppData\Local\Programs\MiKTeX 2.9\tex/generic/pgf/utilities\p
gffor.code.tex"
Package: pgffor 2019/08/03 v3.1.4b (3.1.4b)

("C:\Users\TRAMLG\AppData\Local\Programs\MiKTeX 2.9\tex/generic/pgf/math\pgfmat
h.code.tex")
\pgffor@iter=\dimen168
\pgffor@skip=\dimen169
\pgffor@stack=\toks49
\pgffor@toks=\toks50
))
("C:\Users\TRAMLG\AppData\Local\Programs\MiKTeX 2.9\tex/generic/pgf/frontendlay
er/tikz\tikz.code.tex"
Package: tikz 2019/08/03 v3.1.4b (3.1.4b)

("C:\Users\TRAMLG\AppData\Local\Programs\MiKTeX 2.9\tex/generic/pgf/libraries\p
gflibraryplothandlers.code.tex"
File: pgflibraryplothandlers.code.tex 2019/08/03 v3.1.4b (3.1.4b)
\pgf@plot@mark@count=\count139
\pgfplotmarksize=\dimen170
)
\tikz@lastx=\dimen171
\tikz@lasty=\dimen172
\tikz@lastxsaved=\dimen173
\tikz@lastysaved=\dimen174
\tikz@lastmovetox=\dimen175
\tikz@lastmovetoy=\dimen176
\tikzleveldistance=\dimen177
\tikzsiblingdistance=\dimen178
\tikz@figbox=\box38
\tikz@figbox@bg=\box39
\tikz@tempbox=\box40
\tikz@tempbox@bg=\box41
\tikztreelevel=\count140
\tikznumberofchildren=\count141
\tikznumberofcurrentchild=\count142
\tikz@fig@count=\count143

("C:\Users\TRAMLG\AppData\Local\Programs\MiKTeX 2.9\tex/generic/pgf/modules\pgf
modulematrix.code.tex"
File: pgfmodulematrix.code.tex 2019/08/03 v3.1.4b (3.1.4b)
\pgfmatrixcurrentrow=\count144
\pgfmatrixcurrentcolumn=\count145
\pgf@matrix@numberofcolumns=\count146
)
\tikz@expandcount=\count147

("C:\Users\TRAMLG\AppData\Local\Programs\MiKTeX 2.9\tex/generic/pgf/frontendlay
er/tikz/libraries\tikzlibrarytopaths.code.tex"
File: tikzlibrarytopaths.code.tex 2019/08/03 v3.1.4b (3.1.4b)
)))
("C:\Users\TRAMLG\AppData\Local\Programs\MiKTeX 2.9\tex/generic/pgf/frontendlay
er/tikz/libraries\tikzlibrarypositioning.code.tex"
File: tikzlibrarypositioning.code.tex 2019/08/03 v3.1.4b (3.1.4b)
)
("C:\Users\TRAMLG\AppData\Local\Programs\MiKTeX 2.9\tex/generic/pgf/frontendlay
er/tikz/libraries\tikzlibraryshadows.code.tex"
File: tikzlibraryshadows.code.tex 2019/08/03 v3.1.4b (3.1.4b)

("C:\Users\TRAMLG\AppData\Local\Programs\MiKTeX 2.9\tex/generic/pgf/frontendlay
er/tikz/libraries\tikzlibraryfadings.code.tex"
File: tikzlibraryfadings.code.tex 2019/08/03 v3.1.4b (3.1.4b)

("C:\Users\TRAMLG\AppData\Local\Programs\MiKTeX 2.9\tex/generic/pgf/libraries\p
gflibraryfadings.code.tex"
File: pgflibraryfadings.code.tex 2019/08/03 v3.1.4b (3.1.4b)
)))
("C:\Users\TRAMLG\AppData\Local\Programs\MiKTeX 2.9\tex/latex/tools\calc.sty"
Package: calc 2017/05/25 v4.3 Infix arithmetic (KKT,FJ)
\calc@Acount=\count148
\calc@Bcount=\count149
\calc@Adimen=\dimen179
\calc@Bdimen=\dimen180
\calc@Askip=\skip53
\calc@Bskip=\skip54
LaTeX Info: Redefining \setlength on input line 80.
LaTeX Info: Redefining \addtolength on input line 81.
\calc@Ccount=\count150
\calc@Cskip=\skip55
)
\c@@todonotes@numberoftodonotes=\count151
))
("C:\Users\TRAMLG\AppData\Local\Programs\MiKTeX 2.9\tex/latex/fancyhdr\fancyhdr
.sty"
Package: fancyhdr 2019/01/31 v3.10 Extensive control of page headers and footer
s
\f@nch@headwidth=\skip56
\f@nch@O@elh=\skip57
\f@nch@O@erh=\skip58
\f@nch@O@olh=\skip59
\f@nch@O@orh=\skip60
\f@nch@O@elf=\skip61
\f@nch@O@erf=\skip62
\f@nch@O@olf=\skip63
\f@nch@O@orf=\skip64
)
("C:\Users\TRAMLG\AppData\Local\Programs\MiKTeX 2.9\tex/latex/titlesec\titlesec
.sty"
Package: titlesec 2019/07/16 v2.11 Sectioning titles
\ttl@box=\box42
\beforetitleunit=\skip65
\aftertitleunit=\skip66
\ttl@plus=\dimen181
\ttl@minus=\dimen182
\ttl@toksa=\toks51
\titlewidth=\dimen183
\titlewidthlast=\dimen184
\titlewidthfirst=\dimen185
)
("C:\Users\TRAMLG\AppData\Local\Programs\MiKTeX 2.9\tex/latex/titlesec\titletoc
.sty"
Package: titletoc 2019/07/16 v2.11 TOC entries
\ttl@leftsep=\dimen186
)
("C:\Users\TRAMLG\AppData\Local\Programs\MiKTeX 2.9\tex/latex/multirow\multirow
.sty"
Package: multirow 2019/05/31 v2.5 Span multiple rows of a table
\multirow@colwidth=\skip67
\multirow@cntb=\count152
\multirow@dima=\skip68
\bigstrutjot=\dimen187
)
("C:\Users\TRAMLG\AppData\Local\Programs\MiKTeX 2.9\tex/latex/caption\caption.s
ty"
Package: caption 2019/09/01 v3.3d Customizing captions (AR)

("C:\Users\TRAMLG\AppData\Local\Programs\MiKTeX 2.9\tex/latex/caption\caption3.
sty"
Package: caption3 2019/09/01 v1.8d caption3 kernel (AR)
Package caption3 Info: TeX engine: e-TeX on input line 64.
\captionmargin=\dimen188
\captionmargin@=\dimen189
\captionwidth=\dimen190
\caption@tempdima=\dimen191
\caption@indent=\dimen192
\caption@parindent=\dimen193
\caption@hangindent=\dimen194
)
\c@caption@flags=\count153
\c@ContinuedFloat=\count154
Package caption Info: hyperref package is loaded.
)
("C:\Users\TRAMLG\AppData\Local\Programs\MiKTeX 2.9\tex/latex/floatrow\floatrow
.sty"
Package: floatrow 2008/08/02 v0.3b floatrow: float package extension
\c@float@type=\count155
\float@exts=\toks52
\float@box=\box43
\@floatcapt=\box44
Package floatrow Info: Modified float package code loaded on input line 455.
Package floatrow Info: Modified rotfloat package code loaded on input line 473.

\FR@everyfloat=\toks53
\flrow@foot=\insert199
\FB@wd=\dimen195
\FBo@wd=\dimen196
\FBc@wd=\dimen197
\FBo@ht=\skip69
\FBc@ht=\skip70
\FBf@ht=\skip71
\FBo@max=\skip72
\FBc@max=\skip73
\FBf@max=\skip74
\c@FBl@b=\count156
\floatbox@depth=\count157
\c@FRobj=\count158
\c@FRsobj=\count159
\Xhsize=\skip75
\sXhsize=\skip76
\Zhsize=\skip77
\sZhsize=\skip78
\flrow@rowbox=\box45
\FR@Zunitlength=\dimen198
\c@FBcnt=\count160
\FPOScnt=\count161
\LTleft=\skip79
\LTright=\skip80
\LTleft=\skip81
\LTright=\skip82
\flrow@types=\toks54
)
("C:\Users\TRAMLG\AppData\Local\Programs\MiKTeX 2.9\tex/latex/caption\subcaptio
n.sty"
Package: subcaption 2019/09/01 v1.3a Sub-captions (AR)
\c@subfigure=\count162
\c@subtable=\count163
)
("C:\Users\TRAMLG\AppData\Local\Programs\MiKTeX 2.9\tex/latex/chngcntr\chngcntr
.sty"
Package: chngcntr 2018/04/09 v1.1a change counter resetting
Package chngcntr Info: \counterwithout already defined.
(chngcntr)             Quitting chngcntr on input line 21.
)
("C:\Users\TRAMLG\AppData\Local\Programs\MiKTeX 2.9\tex/latex/listings\listings
.sty"
\lst@mode=\count164
\lst@gtempboxa=\box46
\lst@token=\toks55
\lst@length=\count165
\lst@currlwidth=\dimen256
\lst@column=\count166
\lst@pos=\count167
\lst@lostspace=\dimen257
\lst@width=\dimen258
\lst@newlines=\count168
\lst@lineno=\count169
\lst@maxwidth=\dimen259

("C:\Users\TRAMLG\AppData\Local\Programs\MiKTeX 2.9\tex/latex/listings\lstmisc.
sty"
File: lstmisc.sty 2019/02/27 1.8b (Carsten Heinz)
\c@lstnumber=\count170
\lst@skipnumbers=\count171
\lst@framebox=\box47
)
("C:\Users\TRAMLG\AppData\Local\Programs\MiKTeX 2.9\tex/latex/listings\listings
.cfg"
File: listings.cfg 2019/02/27 1.8b listings configuration
))
Package: listings 2019/02/27 1.8b (Carsten Heinz)

("C:\Users\TRAMLG\AppData\Local\Programs\MiKTeX 2.9\tex/latex/biblatex\biblatex
.sty"
Package: biblatex 2019/08/31 v3.13a programmable bibliographies (PK/MW)

("C:\Users\TRAMLG\AppData\Local\Programs\MiKTeX 2.9\tex/latex/logreq\logreq.sty
"
Package: logreq 2010/08/04 v1.0 xml request logger
\lrq@indent=\count172

("C:\Users\TRAMLG\AppData\Local\Programs\MiKTeX 2.9\tex/latex/logreq\logreq.def
"
File: logreq.def 2010/08/04 v1.0 logreq spec v1.0
))
\c@tabx@nest=\count173
\c@listtotal=\count174
\c@listcount=\count175
\c@liststart=\count176
\c@liststop=\count177
\c@citecount=\count178
\c@citetotal=\count179
\c@multicitecount=\count180
\c@multicitetotal=\count181
\c@instcount=\count182
\c@maxnames=\count183
\c@minnames=\count184
\c@maxitems=\count185
\c@minitems=\count186
\c@citecounter=\count187
\c@maxcitecounter=\count188
\c@savedcitecounter=\count189
\c@uniquelist=\count190
\c@uniquename=\count191
\c@refsection=\count192
\c@refsegment=\count193
\c@maxextratitle=\count194
\c@maxextratitleyear=\count195
\c@maxextraname=\count196
\c@maxextradate=\count197
\c@maxextraalpha=\count198
\c@abbrvpenalty=\count266
\c@highnamepenalty=\count267
\c@lownamepenalty=\count268
\c@maxparens=\count269
\c@parenlevel=\count270
\blx@tempcnta=\count271
\blx@tempcntb=\count272
\blx@tempcntc=\count273
\blx@maxsection=\count274
\blx@maxsegment@0=\count275
\blx@notetype=\count276
\blx@parenlevel@text=\count277
\blx@parenlevel@foot=\count278
\blx@sectionciteorder@0=\count279
\blx@entrysetcounter=\count280
\labelnumberwidth=\skip83
\labelalphawidth=\skip84
\biblabelsep=\skip85
\bibitemsep=\skip86
\bibnamesep=\skip87
\bibinitsep=\skip88
\bibparsep=\skip89
\bibhang=\skip90
\blx@bcfin=\read3
\blx@bcfout=\write5
\blx@langwohyphens=\language82
\c@mincomprange=\count281
\c@maxcomprange=\count282
\c@mincompwidth=\count283
Package biblatex Info: Trying to load biblatex default data model...
Package biblatex Info: ... file 'blx-dm.def' found.

("C:\Users\TRAMLG\AppData\Local\Programs\MiKTeX 2.9\tex/latex/biblatex\blx-dm.d
ef"
File: blx-dm.def 2019/08/31 v3.13a biblatex localization (PK/MW)
)
Package biblatex Info: Trying to load biblatex style data model...
Package biblatex Info: ... file 'ieee.dbx' not found.
Package biblatex Info: Trying to load biblatex custom data model...
Package biblatex Info: ... file 'biblatex-dm.cfg' not found.
\c@afterword=\count284
\c@savedafterword=\count285
\c@annotator=\count286
\c@savedannotator=\count287
\c@author=\count288
\c@savedauthor=\count289
\c@bookauthor=\count290
\c@savedbookauthor=\count291
\c@commentator=\count292
\c@savedcommentator=\count293
\c@editor=\count294
\c@savededitor=\count295
\c@editora=\count296
\c@savededitora=\count297
\c@editorb=\count298
\c@savededitorb=\count299
\c@editorc=\count300
\c@savededitorc=\count301
\c@foreword=\count302
\c@savedforeword=\count303
\c@holder=\count304
\c@savedholder=\count305
\c@introduction=\count306
\c@savedintroduction=\count307
\c@namea=\count308
\c@savednamea=\count309
\c@nameb=\count310
\c@savednameb=\count311
\c@namec=\count312
\c@savednamec=\count313
\c@translator=\count314
\c@savedtranslator=\count315
\c@shortauthor=\count316
\c@savedshortauthor=\count317
\c@shorteditor=\count318
\c@savedshorteditor=\count319
\c@labelname=\count320
\c@savedlabelname=\count321
\c@institution=\count322
\c@savedinstitution=\count323
\c@lista=\count324
\c@savedlista=\count325
\c@listb=\count326
\c@savedlistb=\count327
\c@listc=\count328
\c@savedlistc=\count329
\c@listd=\count330
\c@savedlistd=\count331
\c@liste=\count332
\c@savedliste=\count333
\c@listf=\count334
\c@savedlistf=\count335
\c@location=\count336
\c@savedlocation=\count337
\c@organization=\count338
\c@savedorganization=\count339
\c@origlocation=\count340
\c@savedoriglocation=\count341
\c@origpublisher=\count342
\c@savedorigpublisher=\count343
\c@publisher=\count344
\c@savedpublisher=\count345
\c@language=\count346
\c@savedlanguage=\count347
\c@origlanguage=\count348
\c@savedoriglanguage=\count349
\c@pageref=\count350
\c@savedpageref=\count351
\shorthandwidth=\skip91
\shortjournalwidth=\skip92
\shortserieswidth=\skip93
\shorttitlewidth=\skip94
\shortauthorwidth=\skip95
\shorteditorwidth=\skip96
\locallabelnumberwidth=\skip97
\locallabelalphawidth=\skip98
\localshorthandwidth=\skip99
\localshortjournalwidth=\skip100
\localshortserieswidth=\skip101
\localshorttitlewidth=\skip102
\localshortauthorwidth=\skip103
\localshorteditorwidth=\skip104
Package biblatex Info: Trying to load compatibility code...
Package biblatex Info: ... file 'blx-compat.def' found.

("C:\Users\TRAMLG\AppData\Local\Programs\MiKTeX 2.9\tex/latex/biblatex\blx-comp
at.def"
File: blx-compat.def 2019/08/31 v3.13a biblatex compatibility (PK/MW)
)
Package biblatex Info: Trying to load generic definitions...
Package biblatex Info: ... file 'biblatex.def' found.

("C:\Users\TRAMLG\AppData\Local\Programs\MiKTeX 2.9\tex/latex/biblatex\biblatex
.def"
File: biblatex.def 2019/08/31 v3.13a biblatex compatibility (PK/MW)
\c@textcitecount=\count352
\c@textcitetotal=\count353
\c@textcitemaxnames=\count354
\c@biburlbigbreakpenalty=\count355
\c@biburlbreakpenalty=\count356
\c@biburlnumpenalty=\count357
\c@biburlucpenalty=\count358
\c@biburllcpenalty=\count359
\biburlbigskip=\muskip12
\biburlnumskip=\muskip13
\biburlucskip=\muskip14
\biburllcskip=\muskip15
\c@smartand=\count360
)
Package biblatex Info: Trying to load bibliography style 'ieee'...
Package biblatex Info: ... file 'ieee.bbx' found.

("C:\Users\TRAMLG\AppData\Local\Programs\MiKTeX 2.9\tex/latex/biblatex-ieee\iee
e.bbx"
File: ieee.bbx 2019/06/19 v1.3a biblatex bibliography style
Package biblatex Info: Trying to load bibliography style 'numeric-comp'...
Package biblatex Info: ... file 'numeric-comp.bbx' found.

("C:\Users\TRAMLG\AppData\Local\Programs\MiKTeX 2.9\tex/latex/biblatex/bbx\nume
ric-comp.bbx"
File: numeric-comp.bbx 2019/08/31 v3.13a biblatex bibliography style (PK/MW)
Package biblatex Info: Trying to load bibliography style 'numeric'...
Package biblatex Info: ... file 'numeric.bbx' found.

("C:\Users\TRAMLG\AppData\Local\Programs\MiKTeX 2.9\tex/latex/biblatex/bbx\nume
ric.bbx"
File: numeric.bbx 2019/08/31 v3.13a biblatex bibliography style (PK/MW)
Package biblatex Info: Trying to load bibliography style 'standard'...
Package biblatex Info: ... file 'standard.bbx' found.

("C:\Users\TRAMLG\AppData\Local\Programs\MiKTeX 2.9\tex/latex/biblatex/bbx\stan
dard.bbx"
File: standard.bbx 2019/08/31 v3.13a biblatex bibliography style (PK/MW)
\c@bbx:relatedcount=\count361
\c@bbx:relatedtotal=\count362
))))
Package biblatex Info: Trying to load citation style 'ieee'...
Package biblatex Info: ... file 'ieee.cbx' found.

("C:\Users\TRAMLG\AppData\Local\Programs\MiKTeX 2.9\tex/latex/biblatex-ieee\iee
e.cbx"
File: ieee.cbx 2019/06/19 v1.3a biblatex citation style
Package biblatex Info: Trying to load citation style 'numeric-comp'...
Package biblatex Info: ... file 'numeric-comp.cbx' found.

("C:\Users\TRAMLG\AppData\Local\Programs\MiKTeX 2.9\tex/latex/biblatex/cbx\nume
ric-comp.cbx"
File: numeric-comp.cbx 2019/08/31 v3.13a biblatex citation style (PK/MW)
\c@cbx@tempcnta=\count363
\c@cbx@tempcntb=\count364
Package biblatex Info: Redefining '\cite'.
Package biblatex Info: Redefining '\parencite'.
Package biblatex Info: Redefining '\footcite'.
Package biblatex Info: Redefining '\footcitetext'.
Package biblatex Info: Redefining '\smartcite'.
Package biblatex Info: Redefining '\supercite'.
Package biblatex Info: Redefining '\textcite'.
Package biblatex Info: Redefining '\textcites'.
Package biblatex Info: Redefining '\cites'.
Package biblatex Info: Redefining '\parencites'.
Package biblatex Info: Redefining '\smartcites'.
)
Package biblatex Info: Redefining '\cite'.
Package biblatex Info: Redefining '\cites'.
)
Package biblatex Info: Trying to load configuration file...
Package biblatex Info: ... file 'biblatex.cfg' found.

("C:\Users\TRAMLG\AppData\Local\Programs\MiKTeX 2.9\tex/latex/biblatex\biblatex
.cfg"
File: biblatex.cfg 
))
Package csquotes Info: Checking for multilingual support...
Package csquotes Info: ... found 'babel' package.
Package biblatex Info: Trying to load language 'english'...
Package biblatex Info: ... file 'english.lbx' found.

("C:\Users\TRAMLG\AppData\Local\Programs\MiKTeX 2.9\tex/latex/biblatex/lbx\engl
ish.lbx"
File: english.lbx 2019/08/31 v3.13a biblatex localization (PK/MW)
) (entropy_triangles_tfg.aux

LaTeX Warning: Label `eq:artificial neuron' multiply defined.


LaTeX Warning: Label `fig:figure_pairs_iris' multiply defined.


LaTeX Warning: Label `fig:figure_pairs_iris' multiply defined.

)
\openout1 = `entropy_triangles_tfg.aux'.

LaTeX Font Info:    Checking defaults for OML/txmi/m/it on input line 207.
LaTeX Font Info:    Try loading font information for OML+txmi on input line 207
.

("C:\Users\TRAMLG\AppData\Local\Programs\MiKTeX 2.9\tex/latex/txfonts\omltxmi.f
d"
File: omltxmi.fd 2000/12/15 v3.1
)
LaTeX Font Info:    ... okay on input line 207.
LaTeX Font Info:    Checking defaults for T1/cmr/m/n on input line 207.
LaTeX Font Info:    ... okay on input line 207.
LaTeX Font Info:    Checking defaults for OT1/cmr/m/n on input line 207.
LaTeX Font Info:    ... okay on input line 207.
LaTeX Font Info:    Checking defaults for OMS/txsy/m/n on input line 207.
LaTeX Font Info:    Try loading font information for OMS+txsy on input line 207
.

("C:\Users\TRAMLG\AppData\Local\Programs\MiKTeX 2.9\tex/latex/txfonts\omstxsy.f
d"
File: omstxsy.fd 2000/12/15 v3.1
)
LaTeX Font Info:    ... okay on input line 207.
LaTeX Font Info:    Checking defaults for OMX/txex/m/n on input line 207.
LaTeX Font Info:    Try loading font information for OMX+txex on input line 207
.

("C:\Users\TRAMLG\AppData\Local\Programs\MiKTeX 2.9\tex/latex/txfonts\omxtxex.f
d"
File: omxtxex.fd 2000/12/15 v3.1
)
LaTeX Font Info:    ... okay on input line 207.
LaTeX Font Info:    Checking defaults for U/txexa/m/n on input line 207.
LaTeX Font Info:    Try loading font information for U+txexa on input line 207.


("C:\Users\TRAMLG\AppData\Local\Programs\MiKTeX 2.9\tex/latex/txfonts\utxexa.fd
"
File: utxexa.fd 2000/12/15 v3.1
)
LaTeX Font Info:    ... okay on input line 207.
LaTeX Font Info:    Checking defaults for PD1/pdf/m/n on input line 207.
LaTeX Font Info:    ... okay on input line 207.
LaTeX Font Info:    Checking defaults for PU/pdf/m/n on input line 207.
LaTeX Font Info:    ... okay on input line 207.
LaTeX Font Info:    Try loading font information for T1+txr on input line 207.

("C:\Users\TRAMLG\AppData\Local\Programs\MiKTeX 2.9\tex/latex/txfonts\t1txr.fd"
File: t1txr.fd 2000/12/15 v3.1
)
*geometry* driver: auto-detecting
*geometry* detected driver: pdftex
*geometry* verbose mode - [ preamble ] result:
* driver: pdftex
* paper: a4paper
* layout: <same size as paper>
* layoutoffset:(h,v)=(0.0pt,0.0pt)
* modes: 
* h-part:(L,W,R)=(85.35826pt, 426.79135pt, 85.35826pt)
* v-part:(T,H,B)=(71.13188pt, 702.78308pt, 71.13188pt)
* \paperwidth=597.50787pt
* \paperheight=845.04684pt
* \textwidth=426.79135pt
* \textheight=702.78308pt
* \oddsidemargin=13.08827pt
* \evensidemargin=13.08827pt
* \topmargin=-38.1381pt
* \headheight=12.0pt
* \headsep=25.0pt
* \topskip=12.0pt
* \footskip=30.0pt
* \marginparwidth=44.0pt
* \marginparsep=10.0pt
* \columnsep=10.0pt
* \skip\footins=10.8pt plus 4.0pt minus 2.0pt
* \hoffset=0.0pt
* \voffset=0.0pt
* \mag=1000
* \@twocolumnfalse
* \@twosidefalse
* \@mparswitchfalse
* \@reversemarginfalse
* (1in=72.27pt=25.4mm, 1cm=28.453pt)


("C:\Users\TRAMLG\AppData\Local\Programs\MiKTeX 2.9\tex/context/base/mkii\supp-
pdf.mkii"
[Loading MPS to PDF converter (version 2006.09.02).]
\scratchcounter=\count365
\scratchdimen=\dimen260
\scratchbox=\box48
\nofMPsegments=\count366
\nofMParguments=\count367
\everyMPshowfont=\toks56
\MPscratchCnt=\count368
\MPscratchDim=\dimen261
\MPnumerator=\count369
\makeMPintoPDFobject=\count370
\everyMPtoPDFconversion=\toks57
)
("C:\Users\TRAMLG\AppData\Local\Programs\MiKTeX 2.9\tex/latex/oberdiek\epstopdf
-base.sty"
Package: epstopdf-base 2016/05/15 v2.6 Base part for package epstopdf

("C:\Users\TRAMLG\AppData\Local\Programs\MiKTeX 2.9\tex/latex/oberdiek\grfext.s
ty"
Package: grfext 2016/05/16 v1.2 Manage graphics extensions (HO)
)
Package epstopdf-base Info: Redefining graphics rule for `.eps' on input line 4
38.
Package grfext Info: Graphics extension search list:
(grfext)             [.pdf,.png,.jpg,.mps,.jpeg,.jbig2,.jb2,.PDF,.PNG,.JPG,.JPE
G,.JBIG2,.JB2,.eps]
(grfext)             \AppendGraphicsExtensions on input line 456.
) ABD: EveryShipout initializing macros
\AtBeginShipoutBox=\box49
Package hyperref Info: Link coloring ON on input line 207.

("C:\Users\TRAMLG\AppData\Local\Programs\MiKTeX 2.9\tex/latex/hyperref\nameref.
sty"
Package: nameref 2016/05/21 v2.44 Cross-referencing by name of section

("C:\Users\TRAMLG\AppData\Local\Programs\MiKTeX 2.9\tex/generic/oberdiek\gettit
lestring.sty"
Package: gettitlestring 2016/05/16 v1.5 Cleanup title references (HO)
)
\c@section@level=\count371
)
LaTeX Info: Redefining \ref on input line 207.
LaTeX Info: Redefining \pageref on input line 207.
LaTeX Info: Redefining \nameref on input line 207.
 (entropy_triangles_tfg.out) (entropy_triangles_tfg.out)
\@outlinefile=\write6
\openout6 = `entropy_triangles_tfg.out'.



Package todonotes Warning: The length marginparwidth is less than 2cm and will 
most likely cause issues with the appearance of inserted todonotes. The issue c
an be solved by adding a line like \setlength {\marginparwidth }{2cm} prior to 
loading the todonotes package. on input line 207.

Package caption Info: Begin \AtBeginDocument code.
Package caption Info: float package is loaded.
Package caption Info: floatrow package is loaded.
Package caption Info: listings package is loaded.
Package caption Info: End \AtBeginDocument code.
\c@lstlisting=\count372
Package biblatex Info: Input encoding 'utf8' detected.
Package biblatex Info: Automatic encoding selection.
(biblatex)             Assuming data encoding 'utf8'.
\openout5 = `entropy_triangles_tfg.bcf'.

Package biblatex Info: Trying to load bibliographic data...
Package biblatex Info: ... file 'entropy_triangles_tfg.bbl' found.
(entropy_triangles_tfg.bbl)
Package biblatex Info: Reference section=0 on input line 207.
Package biblatex Info: Reference segment=0 on input line 207.
LaTeX Font Info:    Try loading font information for T1+txss on input line 214.


("C:\Users\TRAMLG\AppData\Local\Programs\MiKTeX 2.9\tex/latex/txfonts\t1txss.fd
"
File: t1txss.fd 2000/12/15 v3.1
)
LaTeX Font Info:    Font shape `T1/txss/m/n' will be
(Font)              scaled to size 11.39996pt on input line 214.
<Figuras_tfg/Portada_Logo.png, id=173, 456.2865pt x 45.99pt>
File: Figuras_tfg/Portada_Logo.png Graphic file (type png)
<use Figuras_tfg/Portada_Logo.png>
Package pdftex.def Info: Figuras_tfg/Portada_Logo.png  used on input line 218.
(pdftex.def)             Requested size: 455.24408pt x 45.88531pt.
LaTeX Font Info:    Font shape `T1/txss/m/n' will be
(Font)              scaled to size 16.41594pt on input line 221.
LaTeX Font Info:    Font shape `T1/txss/m/sl' will be
(Font)              scaled to size 16.41594pt on input line 225.
LaTeX Font Info:    Font shape `T1/txss/m/n' will be
(Font)              scaled to size 23.63593pt on input line 229.
LaTeX Font Info:    Font shape `T1/txss/m/n' will be
(Font)              scaled to size 19.70294pt on input line 234.
<imagenes/creativecommons.png, id=175, 338.76563pt x 118.19156pt>
File: imagenes/creativecommons.png Graphic file (type png)
<use imagenes/creativecommons.png>
Package pdftex.def Info: imagenes/creativecommons.png  used on input line 245.
(pdftex.def)             Requested size: 119.50148pt x 41.69228pt.
LaTeX Font Info:    Font shape `T1/txss/m/it' in size <12> not available
(Font)              Font shape `T1/txss/m/sl' tried instead on input line 246.
LaTeX Font Info:    Font shape `T1/txss/m/sl' will be
(Font)              scaled to size 11.39996pt on input line 246.
LaTeX Font Info:    Font shape `T1/txss/bx/n' will be
(Font)              scaled to size 11.39996pt on input line 247.
 [1

 <./Figuras_tfg/Portada_Logo.png> <./imagenes/creativecommons.png>]pdfTeX warni
ng (ext4): destination with the same identifier (name{page.i}) has been already
 used, duplicate ignored
<to be read again> 
                   \relax 
l.259 \begin{abstract}
                       [1] [3]pdfTeX warning (ext4): destination with the same 
identifier (name{page.i}) has been already used, duplicate ignored
<to be read again> 
                   \relax 
l.278 \chapter
              *{Dedication} [1] [5

] [6] (entropy_triangles_tfg.toc [7

])
\tf@toc=\write7
\openout7 = `entropy_triangles_tfg.toc'.


[8] [9] (entropy_triangles_tfg.lof
LaTeX Font Info:    Try loading font information for OT1+txr on input line 6.

("C:\Users\TRAMLG\AppData\Local\Programs\MiKTeX 2.9\tex/latex/txfonts\ot1txr.fd
"
File: ot1txr.fd 2000/12/15 v3.1
)
LaTeX Font Info:    Try loading font information for U+txsya on input line 6.

("C:\Users\TRAMLG\AppData\Local\Programs\MiKTeX 2.9\tex/latex/txfonts\utxsya.fd
"
File: utxsya.fd 2000/12/15 v3.1
)
LaTeX Font Info:    Try loading font information for U+txsyb on input line 6.

("C:\Users\TRAMLG\AppData\Local\Programs\MiKTeX 2.9\tex/latex/txfonts\utxsyb.fd
"
File: utxsyb.fd 2000/12/15 v3.1
)
LaTeX Font Info:    Try loading font information for U+txmia on input line 6.

("C:\Users\TRAMLG\AppData\Local\Programs\MiKTeX 2.9\tex/latex/txfonts\utxmia.fd
"
File: utxmia.fd 2000/12/15 v3.1
)
LaTeX Font Info:    Try loading font information for U+txsyc on input line 6.

("C:\Users\TRAMLG\AppData\Local\Programs\MiKTeX 2.9\tex/latex/txfonts\utxsyc.fd
"
File: utxsyc.fd 2000/12/15 v3.1
) [10

])
\tf@lof=\write8
\openout8 = `entropy_triangles_tfg.lof'.

 [11] [12] (entropy_triangles_tfg.lot)
\tf@lot=\write9
\openout9 = `entropy_triangles_tfg.lot'.

 [13

] [14]
Chapter 1.
(chIntroduction.tex
<Figuras_tfg/Figura1_tfg.pdf, id=416, 592.68552pt x 74.77214pt>
File: Figuras_tfg/Figura1_tfg.pdf Graphic file (type pdf)
<use Figuras_tfg/Figura1_tfg.pdf>
Package pdftex.def Info: Figuras_tfg/Figura1_tfg.pdf  used on input line 12.
(pdftex.def)             Requested size: 455.24408pt x 57.43437pt.

Overfull \hbox (28.45273pt too wide) in paragraph at lines 12--13
 [][] 
 []

<Figuras_tfg/Figura1_1_tfg.pdf, id=417, 595.53001pt x 150.03743pt>
File: Figuras_tfg/Figura1_1_tfg.pdf Graphic file (type pdf)
<use Figuras_tfg/Figura1_1_tfg.pdf>
Package pdftex.def Info: Figuras_tfg/Figura1_1_tfg.pdf  used on input line 19.
(pdftex.def)             Requested size: 469.47046pt x 118.2833pt.

Overfull \hbox (42.67911pt too wide) in paragraph at lines 19--20
 [][] 
 []


LaTeX Warning: `h' float specifier changed to `ht'.


LaTeX Warning: Citation 'refToInfBottleNeck' on page 1 undefined on input line 
28.

LaTeX Font Info:    Try loading font information for OMS+txr on input line 38.
("C:\Users\TRAMLG\AppData\Local\Programs\MiKTeX 2.9\tex/latex/txfonts\omstxr.fd
"
File: omstxr.fd 2000/12/15 v3.1
)
LaTeX Font Info:    Font shape `OMS/txr/m/n' in size <12> not available
(Font)              Font shape `OMS/txsy/m/n' tried instead on input line 38.
 [1


]

LaTeX Warning: Reference `ifg:fig1a' on page 2 undefined on input line 48.


LaTeX Warning: Reference `ifg:fig1' on page 2 undefined on input line 48.

) [2 <./Figuras_tfg/Figura1_tfg.pdf> <./Figuras_tfg/Figura1_1_tfg.pdf>]
[3]
Chapter 2.
(chBasicPrinciples.tex
<Figuras_tfg/Figure2_tfg.png, id=487, 569.12625pt x 372.39125pt>
File: Figuras_tfg/Figure2_tfg.png Graphic file (type png)
<use Figuras_tfg/Figure2_tfg.png>
Package pdftex.def Info: Figuras_tfg/Figure2_tfg.png  used on input line 8.
(pdftex.def)             Requested size: 277.41176pt x 181.52437pt.
<Figuras_tfg/ArtificialNeuronModel_english.png, id=488, 1688.3075pt x 801.99625
pt>
File: Figuras_tfg/ArtificialNeuronModel_english.png Graphic file (type png)
<use Figuras_tfg/ArtificialNeuronModel_english.png>
Package pdftex.def Info: Figuras_tfg/ArtificialNeuronModel_english.png  used on
 input line 15.
(pdftex.def)             Requested size: 277.41176pt x 131.77298pt.
 [4

 <./Figuras_tfg/Figure2_tfg.png> <./Figuras_tfg/ArtificialNeuronModel_english.p
ng>]
Underfull \hbox (badness 10000) in paragraph at lines 30--31

 []

<Figuras_tfg/Sigmoid_function.png, id=496, 445.665pt x 258.9675pt>
File: Figuras_tfg/Sigmoid_function.png Graphic file (type png)
<use Figuras_tfg/Sigmoid_function.png>
Package pdftex.def Info: Figuras_tfg/Sigmoid_function.png  used on input line 3
4.
(pdftex.def)             Requested size: 222.83195pt x 129.48341pt.

Overfull \hbox (9.43628pt too wide) in paragraph at lines 34--35
[][] 
 []

<Figuras_tfg/Relu_function.png, id=497, 445.665pt x 258.9675pt>
File: Figuras_tfg/Relu_function.png Graphic file (type png)
<use Figuras_tfg/Relu_function.png>
Package pdftex.def Info: Figuras_tfg/Relu_function.png  used on input line 38.
(pdftex.def)             Requested size: 222.83195pt x 129.48341pt.

Overfull \hbox (9.43628pt too wide) in paragraph at lines 38--39
 []
 []

[5 <./Figuras_tfg/Sigmoid_function.png> <./Figuras_tfg/Relu_function.png>]
<Figuras_tfg/Figura_autoencoder.pdf, id=509, 585.99702pt x 182.21506pt>
File: Figuras_tfg/Figura_autoencoder.pdf Graphic file (type pdf)
<use Figuras_tfg/Figura_autoencoder.pdf>
Package pdftex.def Info: Figuras_tfg/Figura_autoencoder.pdf  used on input line
 67.
(pdftex.def)             Requested size: 455.24408pt x 141.56274pt.

Overfull \hbox (28.45273pt too wide) in paragraph at lines 67--68
 [][] 
 []

[6] [7 <./Figuras_tfg/Figura_autoencoder.pdf>]
<Figuras_tfg/Example_ET.png, id=546, 580.1675pt x 403.5075pt>
File: Figuras_tfg/Example_ET.png Graphic file (type png)
<use Figuras_tfg/Example_ET.png>
Package pdftex.def Info: Figuras_tfg/Example_ET.png  used on input line 94.
(pdftex.def)             Requested size: 426.79134pt x 296.83612pt.
 [8] [9 <./Figuras_tfg/Example_ET.png>] [10]
<Figuras_tfg/ET_Diagram.jpg, id=566, 432.04892pt x 164.17859pt>
File: Figuras_tfg/ET_Diagram.jpg Graphic file (type jpg)
<use Figuras_tfg/ET_Diagram.jpg>
Package pdftex.def Info: Figuras_tfg/ET_Diagram.jpg  used on input line 144.
(pdftex.def)             Requested size: 398.33858pt x 151.3743pt.

Underfull \hbox (badness 10000) in paragraph at lines 140--147

 []

[11 <./Figuras_tfg/ET_Diagram.jpg>]
Underfull \hbox (badness 10000) in paragraph at lines 162--163

 []

<Figuras_tfg/ET_Labelled.png, id=578, 707.64375pt x 418.56375pt>
File: Figuras_tfg/ET_Labelled.png Graphic file (type png)
<use Figuras_tfg/ET_Labelled.png>
Package pdftex.def Info: Figuras_tfg/ET_Labelled.png  used on input line 166.
(pdftex.def)             Requested size: 426.79134pt x 252.44307pt.
[12 <./Figuras_tfg/ET_Labelled.png (PNG copy)>] [13] [14]) [15]
Chapter 3.
(chStateArt.tex

LaTeX Warning: Citation 'Principe_2000' on page 16 undefined on input line 3.


LaTeX Warning: Citation 'Santana_2016' on page 16 undefined on input line 5.


LaTeX Warning: Citation 'Yu_2019' on page 16 undefined on input line 13.

) [16

]
Chapter 4.
(chDevelopment.tex [17

]
Underfull \hbox (badness 10000) in paragraph at lines 25--26

 []

<Figuras_tfg/Figure_Iris_Histogram.png, id=610, 321.2pt x 186.19562pt>
File: Figuras_tfg/Figure_Iris_Histogram.png Graphic file (type png)
<use Figuras_tfg/Figure_Iris_Histogram.png>
Package pdftex.def Info: Figuras_tfg/Figure_Iris_Histogram.png  used on input l
ine 46.
(pdftex.def)             Requested size: 369.88582pt x 214.42445pt.
[18]
<Figuras_tfg/R_plot_iris_knn_width_sepal.png, id=615, 510.90875pt x 278.03876pt
>
File: Figuras_tfg/R_plot_iris_knn_width_sepal.png Graphic file (type png)
<use Figuras_tfg/R_plot_iris_knn_width_sepal.png>
Package pdftex.def Info: Figuras_tfg/R_plot_iris_knn_width_sepal.png  used on i
nput line 53.
(pdftex.def)             Requested size: 275.88661pt x 150.13869pt.

Overfull \hbox (62.49094pt too wide) in paragraph at lines 53--54
[][] 
 []

<Figuras_tfg/R_plot_knn_petal.png, id=616, 510.90875pt x 278.03876pt>
File: Figuras_tfg/R_plot_knn_petal.png Graphic file (type png)
<use Figuras_tfg/R_plot_knn_petal.png>
Package pdftex.def Info: Figuras_tfg/R_plot_knn_petal.png  used on input line 5
7.
(pdftex.def)             Requested size: 275.88661pt x 150.13869pt.

Overfull \hbox (62.49094pt too wide) in paragraph at lines 57--58
 []
 []

[19 <./Figuras_tfg/Figure_Iris_Histogram.png> <./Figuras_tfg/R_plot_iris_knn_wi
dth_sepal.png> <./Figuras_tfg/R_plot_knn_petal.png>]
<Figuras_tfg/Figure_MNIST.png, id=627, 853.1875pt x 643.40375pt>
File: Figuras_tfg/Figure_MNIST.png Graphic file (type png)
<use Figuras_tfg/Figure_MNIST.png>
Package pdftex.def Info: Figuras_tfg/Figure_MNIST.png  used on input line 74.
(pdftex.def)             Requested size: 455.24408pt x 343.3193pt.

Overfull \hbox (28.45273pt too wide) in paragraph at lines 74--75
 [][] 
 []

[20 <./Figuras_tfg/Figure_MNIST.png>]
Underfull \hbox (badness 10000) in paragraph at lines 102--103

 []

[21]
<Figuras_tfg/Ionosphere.jpg, id=638, 481.8pt x 316.18124pt>
File: Figuras_tfg/Ionosphere.jpg Graphic file (type jpg)
<use Figuras_tfg/Ionosphere.jpg>
Package pdftex.def Info: Figuras_tfg/Ionosphere.jpg  used on input line 106.
(pdftex.def)             Requested size: 284.52756pt x 186.72382pt.
 [22 <./Figuras_tfg/Ionosphere.jpg>] [23]
<Figuras_tfg/R_plot_correlation.png, id=648, 1103.12125pt x 640.3925pt>
File: Figuras_tfg/R_plot_correlation.png Graphic file (type png)
<use Figuras_tfg/R_plot_correlation.png>
Package pdftex.def Info: Figuras_tfg/R_plot_correlation.png  used on input line
 138.
(pdftex.def)             Requested size: 426.79134pt x 247.76843pt.
 [24 <./Figuras_tfg/R_plot_correlation.png>]) [25]
Chapter 5.
(chResults.tex
<Figuras_tfg/Diagram_auto_mlp.pdf, id=659, 530.96512pt x 159.44539pt>
File: Figuras_tfg/Diagram_auto_mlp.pdf Graphic file (type pdf)
<use Figuras_tfg/Diagram_auto_mlp.pdf>
Package pdftex.def Info: Figuras_tfg/Diagram_auto_mlp.pdf  used on input line 7
.
(pdftex.def)             Requested size: 426.79135pt x 128.16713pt.
<Figuras_tfg/Diagram_auto_KNN.pdf, id=660, 513.88312pt x 153.6958pt>
File: Figuras_tfg/Diagram_auto_KNN.pdf Graphic file (type pdf)
<use Figuras_tfg/Diagram_auto_KNN.pdf>
Package pdftex.def Info: Figuras_tfg/Diagram_auto_KNN.pdf  used on input line 1
4.
(pdftex.def)             Requested size: 418.2537pt x 125.09563pt.
<Figuras_tfg/Diagram_pca_mlp.pdf, id=662, 464.33525pt x 88.95212pt>
File: Figuras_tfg/Diagram_pca_mlp.pdf Graphic file (type pdf)
<use Figuras_tfg/Diagram_pca_mlp.pdf>
Package pdftex.def Info: Figuras_tfg/Diagram_pca_mlp.pdf  used on input line 28
.
(pdftex.def)             Requested size: 426.79135pt x 81.76363pt.
<Figuras_tfg/Diagram_pca_KNN.pdf, id=663, 461.89366pt x 78.40953pt>
File: Figuras_tfg/Diagram_pca_KNN.pdf Graphic file (type pdf)
<use Figuras_tfg/Diagram_pca_KNN.pdf>
Package pdftex.def Info: Figuras_tfg/Diagram_pca_KNN.pdf  used on input line 35
.
(pdftex.def)             Requested size: 426.79135pt x 72.45229pt.
 [26

 <./Figuras_tfg/Diagram_auto_mlp.pdf> <./Figuras_tfg/Diagram_auto_KNN.pdf>] [27
 <./Figuras_tfg/Diagram_pca_mlp.pdf> <./Figuras_tfg/Diagram_pca_KNN.pdf>]

LaTeX Warning: Reference `ig:figure_pairs_iris' on page 28 undefined on input l
ine 56.


Underfull \hbox (badness 10000) in paragraph at lines 66--68

 []

<Figuras_tfg/Figure_Boxcox.png, id=781, 1081.03876pt x 582.175pt>
File: Figuras_tfg/Figure_Boxcox.png Graphic file (type png)
<use Figuras_tfg/Figure_Boxcox.png>
Package pdftex.def Info: Figuras_tfg/Figure_Boxcox.png  used on input line 75.
(pdftex.def)             Requested size: 483.69684pt x 260.48395pt.

Overfull \hbox (56.90549pt too wide) in paragraph at lines 75--76
 [][] 
 []

[28]
Underfull \hbox (badness 10000) in paragraph at lines 80--82

 []

[29 <./Figuras_tfg/Figure_Boxcox.png>]
<Figuras_tfg/Autoencoder_Results.pdf, id=796, 467.0853pt x 221.16176pt>
File: Figuras_tfg/Autoencoder_Results.pdf Graphic file (type pdf)
<use Figuras_tfg/Autoencoder_Results.pdf>
Package pdftex.def Info: Figuras_tfg/Autoencoder_Results.pdf  used on input lin
e 106.
(pdftex.def)             Requested size: 483.69684pt x 229.03764pt.

Overfull \hbox (56.90549pt too wide) in paragraph at lines 106--107
 [][] 
 []

[30 <./Figuras_tfg/Autoencoder_Results.pdf>] [31]
Overfull \hbox (2.00146pt too wide) in paragraph at lines 124--124
[]\T1/txr/m/n/12 The ma-tri-ces re-sult-ing from this com-pres-sion pro-cess ma
y not have all of their columns
 []

<Figuras_tfg/Knn_example.pdf, id=826, 478.86089pt x 354.46196pt>
File: Figuras_tfg/Knn_example.pdf Graphic file (type pdf)
<use Figuras_tfg/Knn_example.pdf>
Package pdftex.def Info: Figuras_tfg/Knn_example.pdf  used on input line 129.
(pdftex.def)             Requested size: 426.79134pt x 315.92445pt.
[32 <./Figuras_tfg/Knn_example.pdf>]
<Figuras_tfg/ET_knn_iris_auto.png, id=845, 825.0825pt x 520.94624pt>
File: Figuras_tfg/ET_knn_iris_auto.png Graphic file (type png)
<use Figuras_tfg/ET_knn_iris_auto.png>
Package pdftex.def Info: Figuras_tfg/ET_knn_iris_auto.png  used on input line 1
42.
(pdftex.def)             Requested size: 512.14832pt x 323.36488pt.

Overfull \hbox (85.35696pt too wide) in paragraph at lines 142--143
 [][] 
 []

<Figuras_tfg/ET_knn_iris_pca.png, id=846, 825.0825pt x 528.97626pt>
File: Figuras_tfg/ET_knn_iris_pca.png Graphic file (type png)
<use Figuras_tfg/ET_knn_iris_pca.png>
Package pdftex.def Info: Figuras_tfg/ET_knn_iris_pca.png  used on input line 14
9.
(pdftex.def)             Requested size: 512.14832pt x 328.34932pt.

Overfull \hbox (85.35696pt too wide) in paragraph at lines 149--150
 [][] 
 []

[33 <./Figuras_tfg/ET_knn_iris_auto.png>]
Underfull \hbox (badness 10000) in paragraph at lines 154--155

 []

[34 <./Figuras_tfg/ET_knn_iris_pca.png>]
<Figuras_tfg/Total_ET_Knn_Iris.jpeg, id=861, 604.2575pt x 373.395pt>
File: Figuras_tfg/Total_ET_Knn_Iris.jpeg Graphic file (type jpg)
<use Figuras_tfg/Total_ET_Knn_Iris.jpeg>
Package pdftex.def Info: Figuras_tfg/Total_ET_Knn_Iris.jpeg  used on input line
 162.
(pdftex.def)             Requested size: 512.14832pt x 316.47565pt.

Overfull \hbox (85.35696pt too wide) in paragraph at lines 162--163
 [][] 
 []

[35 <./Figuras_tfg/Total_ET_Knn_Iris.jpeg>]
<Figuras_tfg/Example_MLP_Auto.png, id=868, 378.6948pt x 340.1508pt>
File: Figuras_tfg/Example_MLP_Auto.png Graphic file (type png)
<use Figuras_tfg/Example_MLP_Auto.png>
Package pdftex.def Info: Figuras_tfg/Example_MLP_Auto.png  used on input line 1
79.
(pdftex.def)             Requested size: 341.43437pt x 306.68306pt.
 [36 <./Figuras_tfg/Example_MLP_Auto.png>]
<Figuras_tfg/ET_Iris_Auto_Mlp.jpg, id=874, 604.2575pt x 373.395pt>
File: Figuras_tfg/ET_Iris_Auto_Mlp.jpg Graphic file (type jpg)
<use Figuras_tfg/ET_Iris_Auto_Mlp.jpg>
Package pdftex.def Info: Figuras_tfg/ET_Iris_Auto_Mlp.jpg  used on input line 1
88.
(pdftex.def)             Requested size: 426.79135pt x 263.73349pt.
<Figuras_tfg/ET_Iris_Pca_Mlp.jpg, id=875, 604.2575pt x 373.395pt>
File: Figuras_tfg/ET_Iris_Pca_Mlp.jpg Graphic file (type jpg)
<use Figuras_tfg/ET_Iris_Pca_Mlp.jpg>
Package pdftex.def Info: Figuras_tfg/ET_Iris_Pca_Mlp.jpg  used on input line 19
5.
(pdftex.def)             Requested size: 426.79135pt x 263.73349pt.
 [37 <./Figuras_tfg/ET_Iris_Auto_Mlp.jpg> <./Figuras_tfg/ET_Iris_Pca_Mlp.jpg>]
<Figuras_tfg/ET_Total_Iris_Mlp.jpg, id=882, 604.2575pt x 373.395pt>
File: Figuras_tfg/ET_Total_Iris_Mlp.jpg Graphic file (type jpg)
<use Figuras_tfg/ET_Total_Iris_Mlp.jpg>
Package pdftex.def Info: Figuras_tfg/ET_Total_Iris_Mlp.jpg  used on input line 
207.
(pdftex.def)             Requested size: 426.79135pt x 263.73349pt.
 [38 <./Figuras_tfg/ET_Total_Iris_Mlp.jpg>]
Underfull \hbox (badness 10000) in paragraph at lines 221--222

 []

[39]

LaTeX Warning: Reference `subsebsec:Knn_pca_auto' on page 40 undefined on input
 line 259.

<Figuras_tfg/ET_knn_Ionosphere_auto.jpeg, id=894, 619.31375pt x 382.42876pt>
File: Figuras_tfg/ET_knn_Ionosphere_auto.jpeg Graphic file (type jpg)
<use Figuras_tfg/ET_knn_Ionosphere_auto.jpeg>
Package pdftex.def Info: Figuras_tfg/ET_knn_Ionosphere_auto.jpeg  used on input
 line 263.
(pdftex.def)             Requested size: 426.79135pt x 263.55518pt.
[40]
<Figuras_tfg/ET_knn_Ionosphere_pca.jpeg, id=899, 619.31375pt x 382.42876pt>
File: Figuras_tfg/ET_knn_Ionosphere_pca.jpeg Graphic file (type jpg)
<use Figuras_tfg/ET_knn_Ionosphere_pca.jpeg>
Package pdftex.def Info: Figuras_tfg/ET_knn_Ionosphere_pca.jpeg  used on input 
line 270.
(pdftex.def)             Requested size: 426.79135pt x 263.55518pt.
 [41 <./Figuras_tfg/ET_knn_Ionosphere_auto.jpeg> <./Figuras_tfg/ET_knn_Ionosphe
re_pca.jpeg>]
<Figuras_tfg/ET_mlp_Ionosphere_auto.jpg, id=909, 619.31375pt x 382.42876pt>
File: Figuras_tfg/ET_mlp_Ionosphere_auto.jpg Graphic file (type jpg)
<use Figuras_tfg/ET_mlp_Ionosphere_auto.jpg>
Package pdftex.def Info: Figuras_tfg/ET_mlp_Ionosphere_auto.jpg  used on input 
line 284.
(pdftex.def)             Requested size: 426.79135pt x 263.55518pt.
<Figuras_tfg/ET_mlp_Ionosphere_pca.jpg, id=910, 619.31375pt x 382.42876pt>
File: Figuras_tfg/ET_mlp_Ionosphere_pca.jpg Graphic file (type jpg)
<use Figuras_tfg/ET_mlp_Ionosphere_pca.jpg>
Package pdftex.def Info: Figuras_tfg/ET_mlp_Ionosphere_pca.jpg  used on input l
ine 291.
(pdftex.def)             Requested size: 426.79135pt x 263.55518pt.
 [42 <./Figuras_tfg/ET_mlp_Ionosphere_auto.jpg>]
<Figuras_tfg/ET_Total_Ionosphere.jpg, id=917, 619.31375pt x 382.42876pt>
File: Figuras_tfg/ET_Total_Ionosphere.jpg Graphic file (type jpg)
<use Figuras_tfg/ET_Total_Ionosphere.jpg>
Package pdftex.def Info: Figuras_tfg/ET_Total_Ionosphere.jpg  used on input lin
e 302.
(pdftex.def)             Requested size: 426.79135pt x 263.55518pt.
 [43 <./Figuras_tfg/ET_mlp_Ionosphere_pca.jpg> <./Figuras_tfg/ET_Total_Ionosphe
re.jpg>]
[44]
<Figuras_tfg/MNIST_Autoencoder_mlp.png, id=929, 526.96875pt x 325.215pt>
File: Figuras_tfg/MNIST_Autoencoder_mlp.png Graphic file (type png)
<use Figuras_tfg/MNIST_Autoencoder_mlp.png>
Package pdftex.def Info: Figuras_tfg/MNIST_Autoencoder_mlp.png  used on input l
ine 389.
(pdftex.def)             Requested size: 426.79135pt x 263.40285pt.
 [45]
<Figuras_tfg/MNIST_PCA_mlp.png, id=934, 526.96875pt x 325.215pt>
File: Figuras_tfg/MNIST_PCA_mlp.png Graphic file (type png)
<use Figuras_tfg/MNIST_PCA_mlp.png>
Package pdftex.def Info: Figuras_tfg/MNIST_PCA_mlp.png  used on input line 396.

(pdftex.def)             Requested size: 426.79135pt x 263.40285pt.
 [46 <./Figuras_tfg/MNIST_Autoencoder_mlp.png> <./Figuras_tfg/MNIST_PCA_mlp.png
>]
<Figuras_tfg/MNIST_performance_test.png, id=943, 526.96875pt x 325.215pt>
File: Figuras_tfg/MNIST_performance_test.png Graphic file (type png)
<use Figuras_tfg/MNIST_performance_test.png>
Package pdftex.def Info: Figuras_tfg/MNIST_performance_test.png  used on input 
line 405.
(pdftex.def)             Requested size: 426.79135pt x 263.40285pt.
) [47 <./Figuras_tfg/MNIST_performance_test.png>]
Chapter 6.
(chConclusion.tex) [48

]

LaTeX Warning: Empty bibliography on input line 370.


Package caption Warning: Unused \captionsetup[lstlisting] on input line 182.
See the caption package documentation for explanation.

Package atveryend Info: Empty hook `BeforeClearDocument' on input line 384.
Package atveryend Info: Empty hook `AfterLastShipout' on input line 384.
(entropy_triangles_tfg.aux)
Package atveryend Info: Executing hook `AtVeryEndDocument' on input line 384.
Package atveryend Info: Executing hook `AtEndAfterFileList' on input line 384.
Package rerunfilecheck Info: File `entropy_triangles_tfg.out' has not changed.
(rerunfilecheck)             Checksum: 198552F100E5FCC5600627AE49902DB9;2485.


LaTeX Warning: There were undefined references.


LaTeX Warning: There were multiply-defined labels.


Package biblatex Warning: Please (re)run Biber on the file:
(biblatex)                entropy_triangles_tfg
(biblatex)                and rerun LaTeX afterwards.

Package logreq Info: Writing requests to 'entropy_triangles_tfg.run.xml'.
\openout1 = `entropy_triangles_tfg.run.xml'.

Package atveryend Info: Empty hook `AtVeryVeryEnd' on input line 384.
 ) 
Here is how much of TeX's memory you used:
 36633 strings out of 492895
 648141 string characters out of 3123269
 1081753 words of memory out of 3000000
 39721 multiletter control sequences out of 15000+200000
 73282 words of font info for 125 fonts, out of 3000000 for 9000
 1141 hyphenation exceptions out of 8191
 64i,12n,92p,962b,3652s stack positions out of 5000i,500n,10000p,200000b,50000s
{C:/Users/TRAMLG/AppData/Local/Programs/MiKTeX 2.9/fonts/enc/dvips/base/8r.en
c}<C:/Users/TRAMLG/AppData/Local/Programs/MiKTeX 2.9/fonts/type1/public/txfonts
/rtxmi.pfb><C:/Users/TRAMLG/AppData/Local/Programs/MiKTeX 2.9/fonts/type1/publi
c/txfonts/rtxr.pfb><C:/Users/TRAMLG/AppData/Local/Programs/MiKTeX 2.9/fonts/typ
e1/public/txfonts/txex.pfb><C:/Users/TRAMLG/AppData/Local/Programs/MiKTeX 2.9/f
onts/type1/public/txfonts/txsy.pfb><C:/Users/TRAMLG/AppData/Local/Programs/MiKT
eX 2.9/fonts/type1/public/txfonts/txsyc.pfb><C:/Users/TRAMLG/AppData/Local/Prog
rams/MiKTeX 2.9/fonts/type1/urw/helvetic/uhvb8a.pfb><C:/Users/TRAMLG/AppData/Lo
cal/Programs/MiKTeX 2.9/fonts/type1/urw/helvetic/uhvr8a.pfb><C:/Users/TRAMLG/Ap
pData/Local/Programs/MiKTeX 2.9/fonts/type1/urw/helvetic/uhvr8a.pfb><C:/Users/T
RAMLG/AppData/Local/Programs/MiKTeX 2.9/fonts/type1/urw/times/utmb8a.pfb><C:/Us
ers/TRAMLG/AppData/Local/Programs/MiKTeX 2.9/fonts/type1/urw/times/utmr8a.pfb><
C:/Users/TRAMLG/AppData/Local/Programs/MiKTeX 2.9/fonts/type1/urw/times/utmri8a
.pfb>
Output written on entropy_triangles_tfg.pdf (62 pages, 2718891 bytes).
PDF statistics:
 1039 PDF objects out of 1200 (max. 8388607)
 157 named destinations out of 1000 (max. 500000)
 601 words of extra memory for PDF output out of 10000 (max. 10000000)

