\BOOKMARK [0][-]{chapter.1}{Introduction}{}% 1
\BOOKMARK [1][-]{section.1.1}{Background}{chapter.1}% 2
\BOOKMARK [1][-]{section.1.2}{Objective}{chapter.1}% 3
\BOOKMARK [1][-]{section.1.3}{Outline}{chapter.1}% 4
\BOOKMARK [1][-]{section.1.4}{Budget}{chapter.1}% 5
\BOOKMARK [1][-]{section.1.5}{Socio-economic\040relevance}{chapter.1}% 6
\BOOKMARK [1][-]{section.1.6}{Regulatory\040framework}{chapter.1}% 7
\BOOKMARK [0][-]{chapter.2}{Basic\040Principles}{}% 8
\BOOKMARK [1][-]{section.2.1}{Deep\040Neural\040Networks}{chapter.2}% 9
\BOOKMARK [1][-]{section.2.2}{Information\040Bottleneck\040Principle}{chapter.2}% 10
\BOOKMARK [1][-]{section.2.3}{The\040Autoencoder}{chapter.2}% 11
\BOOKMARK [2][-]{subsection.2.3.1}{The\040Autoencoder\040Architecture}{section.2.3}% 12
\BOOKMARK [2][-]{subsection.2.3.2}{The\040Entropy\040Triangle}{section.2.3}% 13
\BOOKMARK [1][-]{section.2.4}{Principal\040Component\040Analysis}{chapter.2}% 14
\BOOKMARK [2][-]{subsection.2.4.1}{Description}{section.2.4}% 15
\BOOKMARK [2][-]{subsection.2.4.2}{PCA\040and\040Information\040Theory}{section.2.4}% 16
\BOOKMARK [0][-]{chapter.3}{State\040of\040the\040Art}{}% 17
\BOOKMARK [1][-]{section.3.1}{Information\040Theorethic\040Learning\040on\040Autoencoders}{chapter.3}% 18
\BOOKMARK [0][-]{chapter.4}{Development}{}% 19
\BOOKMARK [1][-]{section.4.1}{Exploratory\040Analysis}{chapter.4}% 20
\BOOKMARK [2][-]{subsection.4.1.1}{Iris}{section.4.1}% 21
\BOOKMARK [2][-]{subsection.4.1.2}{MNIST}{section.4.1}% 22
\BOOKMARK [2][-]{subsection.4.1.3}{Ionosphere}{section.4.1}% 23
\BOOKMARK [1][-]{section.4.2}{The\040classifiers}{chapter.4}% 24
\BOOKMARK [2][-]{subsection.4.2.1}{Knn}{section.4.2}% 25
\BOOKMARK [2][-]{subsection.4.2.2}{Multilayer\040Perceptron}{section.4.2}% 26
\BOOKMARK [0][-]{chapter.5}{Results}{}% 27
\BOOKMARK [1][-]{section.5.1}{Iris\040Dataset}{chapter.5}% 28
\BOOKMARK [2][-]{subsection.5.1.1}{Data\040Preparation}{section.5.1}% 29
\BOOKMARK [2][-]{subsection.5.1.2}{The\040Autoencoder}{section.5.1}% 30
\BOOKMARK [2][-]{subsection.5.1.3}{The\040Classifiers}{section.5.1}% 31
\BOOKMARK [1][-]{section.5.2}{Ionosphere\040Dataset}{chapter.5}% 32
\BOOKMARK [2][-]{subsection.5.2.1}{Data\040Preparation}{section.5.2}% 33
\BOOKMARK [2][-]{subsection.5.2.2}{The\040Autoencoder}{section.5.2}% 34
\BOOKMARK [2][-]{subsection.5.2.3}{Knn\040on\040PCA\040and\040Autoencoder}{section.5.2}% 35
\BOOKMARK [2][-]{subsection.5.2.4}{MLP\040on\040PCA\040and\040Autoencoder}{section.5.2}% 36
\BOOKMARK [1][-]{section.5.3}{MNIST\040Dataset}{chapter.5}% 37
\BOOKMARK [2][-]{subsection.5.3.1}{Data\040Preparation}{section.5.3}% 38
\BOOKMARK [2][-]{subsection.5.3.2}{The\040Autoencoder}{section.5.3}% 39
\BOOKMARK [2][-]{subsection.5.3.3}{MLP\040on\040PCA\040and\040Autoencoder}{section.5.3}% 40
\BOOKMARK [0][-]{chapter.6}{Conclusion}{}% 41
